2023-11-18 12:39:12,891 [INFO] Activator:176 - 


2023-11-18 12:39:12,893 [INFO] Activator:177 - !SESSION log4j initialized
2023-11-18 12:39:16,086 [INFO] LogOutputStream:77 - [STDOUT_REDIRECT] 
2023-11-18 12:39:19,114 [INFO] ApplicationProperties:184 - Using Application install path: C:\ST\STM32CubeIDE_1.13.2\STM32CubeIDE\plugins\com.st.stm32cube.common.mx_6.9.2.202309101412
2023-11-18 12:39:19,136 [INFO] DbMcusXml:78 - Set database path to: C:\ST\STM32CubeIDE_1.13.2\STM32CubeIDE\plugins\com.st.stm32cube.common.mx_6.9.2.202309101412\\db\/mcu/
2023-11-18 12:39:19,137 [INFO] ApiDb:274 - Set plugin database path to: C:\ST\STM32CubeIDE_1.13.2\STM32CubeIDE\plugins\com.st.stm32cube.common.mx_6.9.2.202309101412\\db\/plugins/boardmanager/
2023-11-18 12:39:19,137 [WARN] ApiDb:259 - Overriding images path with different value:  => C:\ST\STM32CubeIDE_1.13.2\STM32CubeIDE\plugins\com.st.stm32cube.common.mx_6.9.2.202309101412\\db\/plugins/mcufinder/images/
2023-11-18 12:39:19,150 [INFO] ApiDb:250 - Set database path to: C:\Users\steva\.stmcufinder\plugins\mcufinder//mcu/
2023-11-18 12:39:19,152 [INFO] DbMcusAds:125 - Set database path to: C:\Users\steva\.stmcufinder\plugins\mcufinder//mcu/
2023-11-18 12:39:19,153 [INFO] CrossReferenceDbSqlite:203 - Set database path to: C:\Users\steva\.stmcufinder\plugins\mcufinder//mcu/cs/
2023-11-18 12:39:19,274 [INFO] RulesReader:64 - Compatibility file has been processed (293 Rules)
2023-11-18 12:39:19,374 [INFO] DbMcusXml:78 - Set database path to: C:\ST\STM32CubeIDE_1.13.2\STM32CubeIDE\plugins\com.st.stm32cube.common.mx_6.9.2.202309101412\\db\/mcu/
2023-11-18 12:39:19,374 [INFO] ApiDb:274 - Set plugin database path to: C:\ST\STM32CubeIDE_1.13.2\STM32CubeIDE\plugins\com.st.stm32cube.common.mx_6.9.2.202309101412\\db\/plugins/boardmanager/
2023-11-18 12:39:19,375 [INFO] ApiDb:261 - Set plugin images path to: C:\ST\STM32CubeIDE_1.13.2\STM32CubeIDE\plugins\com.st.stm32cube.common.mx_6.9.2.202309101412\\db\/plugins/mcufinder/images/
2023-11-18 12:39:19,375 [WARN] DbFile:41 - Overriding database path with different value: C:\Users\steva\.stmcufinder\plugins\mcufinder/ => C:\Users\steva\.stmcufinder\plugins\mcufinder
2023-11-18 12:39:19,375 [INFO] ApiDb:250 - Set database path to: C:\Users\steva\.stmcufinder\plugins\mcufinder//mcu/
2023-11-18 12:39:19,375 [WARN] DbFile:41 - Overriding database path with different value: C:\Users\steva\.stmcufinder\plugins\mcufinder/ => C:\Users\steva\.stmcufinder\plugins\mcufinder
2023-11-18 12:39:19,375 [INFO] DbMcusAds:125 - Set database path to: C:\Users\steva\.stmcufinder\plugins\mcufinder//mcu/
2023-11-18 12:39:19,375 [WARN] DbFile:41 - Overriding database path with different value: C:\Users\steva\.stmcufinder\plugins\mcufinder/ => C:\Users\steva\.stmcufinder\plugins\mcufinder
2023-11-18 12:39:19,375 [WARN] DbFile:41 - Overriding database path with different value: C:\Users\steva\.stmcufinder\plugins\mcufinder/ => C:\Users\steva\.stmcufinder\plugins\mcufinder
2023-11-18 12:39:19,375 [INFO] CrossReferenceDbSqlite:203 - Set database path to: C:\Users\steva\.stmcufinder\plugins\mcufinder//mcu/cs/
2023-11-18 12:39:19,469 [INFO] MainPanel:262 - HeapMemory: 268435456
2023-11-18 12:39:19,574 [INFO] DbMcusXml:78 - Set database path to: C:\ST\STM32CubeIDE_1.13.2\STM32CubeIDE\plugins\com.st.stm32cube.common.mx_6.9.2.202309101412\\db\/mcu/
2023-11-18 12:39:19,574 [INFO] ApiDb:274 - Set plugin database path to: C:\ST\STM32CubeIDE_1.13.2\STM32CubeIDE\plugins\com.st.stm32cube.common.mx_6.9.2.202309101412\\db\/plugins/boardmanager/
2023-11-18 12:39:19,574 [INFO] ApiDb:261 - Set plugin images path to: C:\ST\STM32CubeIDE_1.13.2\STM32CubeIDE\plugins\com.st.stm32cube.common.mx_6.9.2.202309101412\\db\/plugins/mcufinder/images/
2023-11-18 12:39:19,575 [WARN] DbFile:41 - Overriding database path with different value: C:\Users\steva\.stmcufinder\plugins\mcufinder/ => C:\Users\steva\.stmcufinder\plugins\mcufinder
2023-11-18 12:39:19,575 [INFO] ApiDb:250 - Set database path to: C:\Users\steva\.stmcufinder\plugins\mcufinder//mcu/
2023-11-18 12:39:19,575 [WARN] DbFile:41 - Overriding database path with different value: C:\Users\steva\.stmcufinder\plugins\mcufinder/ => C:\Users\steva\.stmcufinder\plugins\mcufinder
2023-11-18 12:39:19,575 [INFO] DbMcusAds:125 - Set database path to: C:\Users\steva\.stmcufinder\plugins\mcufinder//mcu/
2023-11-18 12:39:19,575 [WARN] DbFile:41 - Overriding database path with different value: C:\Users\steva\.stmcufinder\plugins\mcufinder/ => C:\Users\steva\.stmcufinder\plugins\mcufinder
2023-11-18 12:39:19,575 [WARN] DbFile:41 - Overriding database path with different value: C:\Users\steva\.stmcufinder\plugins\mcufinder/ => C:\Users\steva\.stmcufinder\plugins\mcufinder
2023-11-18 12:39:19,576 [INFO] CrossReferenceDbSqlite:203 - Set database path to: C:\Users\steva\.stmcufinder\plugins\mcufinder//mcu/cs/
2023-11-18 12:39:19,598 [INFO] ApplicationProperties:184 - Using Application install path: C:\ST\STM32CubeIDE_1.13.2\STM32CubeIDE\plugins\com.st.stm32cube.common.mx_6.9.2.202309101412
2023-11-18 12:39:19,599 [INFO] PluginManage:196 - Search for loadable plugins [exclusion list=, ]
2023-11-18 12:39:19,600 [INFO] PluginManage:310 - Check plugin analytics
2023-11-18 12:39:19,783 [INFO] AnalyticsPlugin:253 - Accepted Software Licenses: 
2023-11-18 12:39:19,783 [INFO] AnalyticsPlugin:255 - Accepted CMSIS Pack Licenses: 
2023-11-18 12:39:19,783 [INFO] AnalyticsPlugin:257 - Accepted Firmware Licenses: 
2023-11-18 12:39:19,785 [INFO] PluginManage:359 - Loaded plugin analytics (category:tool,tabindex:-1)
2023-11-18 12:39:19,786 [INFO] PluginManage:310 - Check plugin cadmodel
2023-11-18 12:39:19,803 [INFO] CADModel:105 - Init CAD model plugin
2023-11-18 12:39:19,804 [INFO] PluginManage:359 - Loaded plugin cadmodel (category:power,tabindex:5)
2023-11-18 12:39:19,804 [INFO] PluginManage:310 - Check plugin clock
2023-11-18 12:39:19,830 [INFO] PluginManage:359 - Loaded plugin clock (category:base,tabindex:2)
2023-11-18 12:39:19,830 [INFO] PluginManage:310 - Check plugin ddr
2023-11-18 12:39:19,834 [INFO] PluginManage:359 - Loaded plugin ddr (category:tool,tabindex:6)
2023-11-18 12:39:19,834 [INFO] PluginManage:310 - Check plugin filemanager
2023-11-18 12:39:19,980 [INFO] PluginManage:359 - Loaded plugin filemanager (category:base,tabindex:10)
2023-11-18 12:39:19,980 [INFO] PluginManage:310 - Check plugin ipmanager
2023-11-18 12:39:19,988 [INFO] PluginManage:359 - Loaded plugin ipmanager (category:base,tabindex:5)
2023-11-18 12:39:19,988 [INFO] PluginManage:310 - Check plugin lpbam
2023-11-18 12:39:20,004 [INFO] PluginManage:359 - Loaded plugin lpbam (category:base,tabindex:0)
2023-11-18 12:39:20,004 [INFO] PluginManage:310 - Check plugin memorymap
2023-11-18 12:39:20,034 [INFO] PluginManage:359 - Loaded plugin memorymap (category:base,tabindex:4)
2023-11-18 12:39:20,034 [INFO] PluginManage:310 - Check plugin pinoutandconfiguration
2023-11-18 12:39:20,053 [INFO] PluginManage:359 - Loaded plugin pinoutandconfiguration (category:base,tabindex:1)
2023-11-18 12:39:20,053 [INFO] PluginManage:310 - Check plugin pinoutconfig
2023-11-18 12:39:20,169 [WARN] SupportedApi:132 - Cannot load RTOS API schema: s4s-elt-must-match.1: The content of 'definitions' must match (annotation?, (simpleType | complexType)?, (unique | key | keyref)*)). A problem was found starting at: attribute.
2023-11-18 12:39:20,335 [INFO] PluginManage:359 - Loaded plugin pinoutconfig (category:base,tabindex:0)
2023-11-18 12:39:20,335 [INFO] PluginManage:310 - Check plugin power
2023-11-18 12:39:20,357 [INFO] PluginManage:359 - Loaded plugin power (category:power,tabindex:4)
2023-11-18 12:39:20,357 [INFO] PluginManage:310 - Check plugin projectmanager
2023-11-18 12:39:20,370 [INFO] PluginManage:359 - Loaded plugin projectmanager (category:projectmanager,tabindex:3)
2023-11-18 12:39:20,370 [INFO] PluginManage:310 - Check plugin thirdparty
2023-11-18 12:39:20,636 [INFO] PluginManage:359 - Loaded plugin thirdparty (category:base,tabindex:-1)
2023-11-18 12:39:20,636 [INFO] PluginManage:310 - Check plugin tools
2023-11-18 12:39:20,636 [WARN] IntegrityCheckThread:84 - waiting for thirdparty lock release [integrity check]
2023-11-18 12:39:20,637 [INFO] IntegrityCheckThread:86 - entering critical section [integrity check]
2023-11-18 12:39:20,638 [INFO] ThirdPartyUpdaterWithRetryManager:70 - Updater plugin not ready yet. [1/15]
2023-11-18 12:39:20,670 [INFO] PluginManage:359 - Loaded plugin tools (category:base,tabindex:7)
2023-11-18 12:39:20,671 [INFO] PluginManage:310 - Check plugin tutovideos
2023-11-18 12:39:20,897 [INFO] PluginManage:359 - Loaded plugin tutovideos (category:base,tabindex:-1)
2023-11-18 12:39:20,897 [INFO] PluginManage:310 - Check plugin updater
2023-11-18 12:39:20,911 [INFO] PluginManage:359 - Loaded plugin updater (category:base,tabindex:12)
2023-11-18 12:39:20,911 [INFO] PluginManage:310 - Check plugin userauth
2023-11-18 12:39:20,917 [INFO] UserAuth:113 - Init User Auth plugin
2023-11-18 12:39:20,917 [INFO] PluginManage:359 - Loaded plugin userauth (category:base,tabindex:14)
2023-11-18 12:39:20,917 [INFO] PluginManage:283 - PluginManage : Loaded plugins [17]
2023-11-18 12:39:21,153 [INFO] PinOutPanel:1499 - setPackage(No Configuration,No Configuration)
2023-11-18 12:39:21,254 [INFO] CADModel:165 - CPN selected for project level
2023-11-18 12:39:21,254 [INFO] CADModel:114 - Register for checkConnection events
2023-11-18 12:39:21,277 [INFO] IPUIPlugin:80 - create IPUIPlugin
2023-11-18 12:39:21,277 [INFO] PluginManager:220 - loadIPPluginJar : add adc
2023-11-18 12:39:21,305 [INFO] IPUIPlugin:80 - create IPUIPlugin
2023-11-18 12:39:21,305 [INFO] PluginManager:220 - loadIPPluginJar : add aes
2023-11-18 12:39:21,340 [INFO] IPUIPlugin:80 - create IPUIPlugin
2023-11-18 12:39:21,340 [INFO] PluginManager:220 - loadIPPluginJar : add can
2023-11-18 12:39:21,358 [INFO] IPUIPlugin:80 - create IPUIPlugin
2023-11-18 12:39:21,358 [INFO] PluginManager:220 - loadIPPluginJar : add comp
2023-11-18 12:39:21,385 [INFO] IPUIPlugin:80 - create IPUIPlugin
2023-11-18 12:39:21,385 [INFO] PluginManager:220 - loadIPPluginJar : add cryp
2023-11-18 12:39:21,408 [INFO] IPUIPlugin:80 - create IPUIPlugin
2023-11-18 12:39:21,409 [INFO] PluginManager:220 - loadIPPluginJar : add dfsdm
2023-11-18 12:39:21,421 [INFO] IPUIPlugin:80 - create IPUIPlugin
2023-11-18 12:39:21,421 [INFO] PluginManager:220 - loadIPPluginJar : add dma
2023-11-18 12:39:21,456 [INFO] IPUIPlugin:80 - create IPUIPlugin
2023-11-18 12:39:21,456 [INFO] PluginManager:220 - loadIPPluginJar : add dma3
2023-11-18 12:39:21,474 [INFO] IPUIPlugin:80 - create IPUIPlugin
2023-11-18 12:39:21,474 [INFO] PluginManager:220 - loadIPPluginJar : add fatfs
2023-11-18 12:39:21,515 [INFO] IPUIPlugin:80 - create IPUIPlugin
2023-11-18 12:39:21,515 [INFO] PluginManager:220 - loadIPPluginJar : add fmc
2023-11-18 12:39:21,530 [INFO] IPUIPlugin:80 - create IPUIPlugin
2023-11-18 12:39:21,530 [INFO] PluginManager:220 - loadIPPluginJar : add freertos
2023-11-18 12:39:21,548 [INFO] IPUIPlugin:80 - create IPUIPlugin
2023-11-18 12:39:21,548 [INFO] PluginManager:220 - loadIPPluginJar : add genericplugin
2023-11-18 12:39:21,631 [INFO] IPUIPlugin:80 - create IPUIPlugin
2023-11-18 12:39:21,631 [INFO] PluginManager:220 - loadIPPluginJar : add gfxmmu
2023-11-18 12:39:21,737 [INFO] IPUIPlugin:80 - create IPUIPlugin
2023-11-18 12:39:21,738 [INFO] PluginManager:220 - loadIPPluginJar : add gic
2023-11-18 12:39:21,750 [INFO] IPUIPlugin:80 - create IPUIPlugin
2023-11-18 12:39:21,750 [INFO] PluginManager:220 - loadIPPluginJar : add gpio
2023-11-18 12:39:21,827 [INFO] IPUIPlugin:80 - create IPUIPlugin
2023-11-18 12:39:21,827 [INFO] PluginManager:220 - loadIPPluginJar : add gtzc
2023-11-18 12:39:21,853 [INFO] IPUIPlugin:80 - create IPUIPlugin
2023-11-18 12:39:21,853 [INFO] PluginManager:220 - loadIPPluginJar : add hash
2023-11-18 12:39:21,900 [INFO] IPUIPlugin:80 - create IPUIPlugin
2023-11-18 12:39:21,900 [INFO] PluginManager:220 - loadIPPluginJar : add i2c
2023-11-18 12:39:21,934 [INFO] IPUIPlugin:80 - create IPUIPlugin
2023-11-18 12:39:21,934 [INFO] PluginManager:220 - loadIPPluginJar : add i2s
2023-11-18 12:39:21,968 [INFO] IPUIPlugin:80 - create IPUIPlugin
2023-11-18 12:39:21,968 [INFO] PluginManager:220 - loadIPPluginJar : add i3c
2023-11-18 12:39:22,063 [INFO] IPUIPlugin:80 - create IPUIPlugin
2023-11-18 12:39:22,063 [INFO] PluginManager:220 - loadIPPluginJar : add ipddr
2023-11-18 12:39:22,139 [INFO] IPUIPlugin:80 - create IPUIPlugin
2023-11-18 12:39:22,139 [INFO] PluginManager:220 - loadIPPluginJar : add linkedlist
2023-11-18 12:39:22,167 [INFO] IPUIPlugin:80 - create IPUIPlugin
2023-11-18 12:39:22,168 [INFO] PluginManager:220 - loadIPPluginJar : add lorawan
2023-11-18 12:39:22,198 [INFO] IPUIPlugin:80 - create IPUIPlugin
2023-11-18 12:39:22,198 [INFO] PluginManager:220 - loadIPPluginJar : add ltdc
2023-11-18 12:39:22,210 [INFO] IPUIPlugin:80 - create IPUIPlugin
2023-11-18 12:39:22,210 [INFO] PluginManager:220 - loadIPPluginJar : add mdma
2023-11-18 12:39:22,221 [INFO] IPUIPlugin:80 - create IPUIPlugin
2023-11-18 12:39:22,221 [INFO] PluginManager:220 - loadIPPluginJar : add nvic
2023-11-18 12:39:22,249 [INFO] IPUIPlugin:80 - create IPUIPlugin
2023-11-18 12:39:22,250 [INFO] PluginManager:220 - loadIPPluginJar : add opamp
2023-11-18 12:39:22,299 [INFO] IPUIPlugin:80 - create IPUIPlugin
2023-11-18 12:39:22,300 [INFO] PluginManager:220 - loadIPPluginJar : add openamp
2023-11-18 12:39:22,336 [INFO] IPUIPlugin:80 - create IPUIPlugin
2023-11-18 12:39:22,336 [INFO] PluginManager:220 - loadIPPluginJar : add pdm2pcm
2023-11-18 12:39:22,348 [INFO] IPUIPlugin:80 - create IPUIPlugin
2023-11-18 12:39:22,350 [INFO] PluginManager:220 - loadIPPluginJar : add plateformsettings
2023-11-18 12:39:22,367 [INFO] IPUIPlugin:80 - create IPUIPlugin
2023-11-18 12:39:22,368 [INFO] PluginManager:220 - loadIPPluginJar : add quadspi
2023-11-18 12:39:22,384 [INFO] IPUIPlugin:80 - create IPUIPlugin
2023-11-18 12:39:22,384 [INFO] PluginManager:220 - loadIPPluginJar : add resmgrutility
2023-11-18 12:39:22,426 [INFO] IPUIPlugin:80 - create IPUIPlugin
2023-11-18 12:39:22,426 [INFO] PluginManager:220 - loadIPPluginJar : add sai
2023-11-18 12:39:22,456 [INFO] IPUIPlugin:80 - create IPUIPlugin
2023-11-18 12:39:22,456 [INFO] PluginManager:220 - loadIPPluginJar : add spi
2023-11-18 12:39:22,506 [INFO] IPUIPlugin:80 - create IPUIPlugin
2023-11-18 12:39:22,506 [INFO] PluginManager:220 - loadIPPluginJar : add stm32_wpan
2023-11-18 12:39:22,524 [INFO] IPUIPlugin:80 - create IPUIPlugin
2023-11-18 12:39:22,524 [INFO] PluginManager:220 - loadIPPluginJar : add tim
2023-11-18 12:39:22,571 [INFO] IPUIPlugin:80 - create IPUIPlugin
2023-11-18 12:39:22,571 [INFO] PluginManager:220 - loadIPPluginJar : add touchsensing
2023-11-18 12:39:22,590 [INFO] IPUIPlugin:80 - create IPUIPlugin
2023-11-18 12:39:22,590 [INFO] PluginManager:220 - loadIPPluginJar : add tracer_emb
2023-11-18 12:39:22,608 [INFO] IPUIPlugin:80 - create IPUIPlugin
2023-11-18 12:39:22,608 [INFO] PluginManager:220 - loadIPPluginJar : add ts
2023-11-18 12:39:22,625 [INFO] IPUIPlugin:80 - create IPUIPlugin
2023-11-18 12:39:22,625 [INFO] PluginManager:220 - loadIPPluginJar : add tsc
2023-11-18 12:39:22,643 [INFO] IPUIPlugin:80 - create IPUIPlugin
2023-11-18 12:39:22,644 [INFO] PluginManager:220 - loadIPPluginJar : add ucpd
2023-11-18 12:39:22,680 [INFO] IPUIPlugin:80 - create IPUIPlugin
2023-11-18 12:39:22,680 [INFO] PluginManager:220 - loadIPPluginJar : add usart
2023-11-18 12:39:22,717 [INFO] IPUIPlugin:80 - create IPUIPlugin
2023-11-18 12:39:22,717 [INFO] PluginManager:220 - loadIPPluginJar : add usbx
2023-11-18 12:39:22,838 [INFO] CADModel:165 - CPN selected for project level
2023-11-18 12:39:22,839 [INFO] CADModel:114 - Register for checkConnection events
2023-11-18 12:39:22,839 [FATAL] Updater:308 - Updater called before beeing initialized
2023-11-18 12:39:22,839 [ERROR] CADModel:125 - Updater not yet initialized, retry later 
2023-11-18 12:39:22,997 [INFO] CADModel:165 - CPN selected for project level
2023-11-18 12:39:22,997 [INFO] CADModel:114 - Register for checkConnection events
2023-11-18 12:39:22,997 [FATAL] Updater:308 - Updater called before beeing initialized
2023-11-18 12:39:22,997 [ERROR] CADModel:125 - Updater not yet initialized, retry later 
2023-11-18 12:39:23,001 [FATAL] Updater:308 - Updater called before beeing initialized
2023-11-18 12:39:23,099 [FATAL] Updater:308 - Updater called before beeing initialized
2023-11-18 12:39:23,108 [INFO] DbMcusAds:53 - JSON generation date=Tue Mar 07 09:50:55 CET 2023 (1678179055335)
2023-11-18 12:39:23,108 [FATAL] Updater:308 - Updater called before beeing initialized
2023-11-18 12:39:23,181 [WARN] DetailPanel:346 - Failed to get advertising image, set to default
2023-11-18 12:39:23,272 [FATAL] Updater:308 - Updater called before beeing initialized
2023-11-18 12:39:23,274 [FATAL] Updater:308 - Updater called before beeing initialized
2023-11-18 12:39:23,274 [FATAL] Updater:308 - Updater called before beeing initialized
2023-11-18 12:39:23,274 [WARN] DetailPanel:346 - Failed to get advertising image, set to default
2023-11-18 12:39:23,275 [FATAL] Updater:308 - Updater called before beeing initialized
2023-11-18 12:39:23,329 [ERROR] Updater:1120 - MainUpdater not yet initialized. External WinMGr cannot be set.
2023-11-18 12:39:23,338 [INFO] Updater:1056 - Updater Version found : 6.9.2
2023-11-18 12:39:23,354 [INFO] ApplicationProperties:184 - Using Application install path: C:\ST\STM32CubeIDE_1.13.2\STM32CubeIDE\plugins\com.st.stm32cube.common.mx_6.9.2.202309101412
2023-11-18 12:39:23,639 [INFO] ThirdPartyUpdaterWithRetryManager:70 - Updater plugin not ready yet. [2/15]
2023-11-18 12:39:25,462 [WARN] ServerAccessManage:1168 - Warning during Server Connection :  timeout Connect timed out
2023-11-18 12:39:26,640 [FATAL] Updater:308 - Updater called before beeing initialized
2023-11-18 12:39:26,640 [ERROR] IntegrityCheckThread:130 - Cannot retrieve database content from updater: error 21
2023-11-18 12:39:26,640 [INFO] ThirdParty:978 - Integrity check success = false
2023-11-18 12:39:26,640 [INFO] IntegrityCheckThread:100 - exiting critical section [integrity check]
2023-11-18 12:39:26,641 [INFO] IntegrityCheckThread:103 - End integrity checks thread
2023-11-18 12:39:27,465 [WARN] ServerAccessManage:1168 - Warning during Server Connection :  timeout Connect timed out
2023-11-18 12:39:27,472 [INFO] MainUpdater:2868 - connection check result : 22
2023-11-18 12:39:27,474 [INFO] MainUpdater:285 - Updater Check For Update Now.
2023-11-18 12:39:27,475 [INFO] MicroXplorer:498 - Change Database Version : DB.6.0.92
2023-11-18 12:39:27,492 [INFO] McuFinderGlobals:63 - Set McuFinder mode to 2 (CubeIDE integrated)
2023-11-18 12:39:27,493 [INFO] UserAuth:179 - activating auth plugin
2023-11-18 12:39:27,497 [INFO] UserAuth:393 - Internet connection configuration mode: 2
2023-11-18 12:39:27,704 [INFO] CheckServerUpdateThread:120 - End of CheckServer Thread
2023-11-18 12:39:48,340 [ERROR] LogOutputStream:75 - [STDERR_REDIRECT] SLF4J: Failed to load class "org.slf4j.impl.StaticLoggerBinder".
2023-11-18 12:39:48,340 [ERROR] LogOutputStream:75 - [STDERR_REDIRECT] SLF4J: Defaulting to no-operation (NOP) logger implementation
2023-11-18 12:39:48,342 [ERROR] LogOutputStream:75 - [STDERR_REDIRECT] SLF4J: See http://www.slf4j.org/codes.html#StaticLoggerBinder for further details.
2023-11-18 12:41:04,831 [INFO] McuFinderGlobals:63 - Set McuFinder mode to 2 (CubeIDE integrated)
2023-11-18 12:41:05,140 [INFO] MainUpdater:2868 - connection check result : 10
2023-11-18 12:41:05,178 [INFO] McuFinderGlobals:76 - Set McuFinderConnectedMode to true
2023-11-18 12:41:05,675 [INFO] ServerAccessManage:473 - Download File mcusAds.json._tmp_
2023-11-18 12:41:05,797 [INFO] LoadUrlFilesThread:156 - End of LoadUrlFiles Thread
2023-11-18 12:41:06,155 [INFO] ServerAccessManage:473 - Download File cube-finder-db.zip
2023-11-18 12:41:46,814 [INFO] FileExtend:240 - Unzip File : cube-finder-db.zip
2023-11-18 12:41:46,815 [INFO] FileExtend:255 - Standard Zip Deflate
2023-11-18 12:41:47,487 [INFO] LoadUrlFilesThread:156 - End of LoadUrlFiles Thread
2023-11-18 12:41:48,334 [INFO] ServerAccessManage:473 - Download File crdb.zip
2023-11-18 12:41:49,250 [INFO] FileExtend:240 - Unzip File : crdb.zip
2023-11-18 12:41:49,251 [INFO] FileExtend:255 - Standard Zip Deflate
2023-11-18 12:41:49,378 [INFO] LoadUrlFilesThread:156 - End of LoadUrlFiles Thread
2023-11-18 12:41:49,619 [INFO] ServerAccessManage:473 - Download File tutoVideoDB.zip
2023-11-18 12:41:49,783 [INFO] FileExtend:240 - Unzip File : tutoVideoDB.zip
2023-11-18 12:41:49,783 [INFO] FileExtend:255 - Standard Zip Deflate
2023-11-18 12:41:49,905 [INFO] LoadUrlFilesThread:156 - End of LoadUrlFiles Thread
2023-11-18 12:41:49,909 [WARN] DbFile:41 - Overriding database path with different value: C:\Users\steva\.stmcufinder\plugins\mcufinder/ => C:\Users\steva\.stmcufinder\plugins\mcufinder
2023-11-18 12:41:50,124 [INFO] ServerAccessManage:473 - Download File api_config.json
2023-11-18 12:41:50,243 [INFO] LoadUrlFilesThread:156 - End of LoadUrlFiles Thread
2023-11-18 12:41:50,244 [INFO] DbMcusAds:53 - JSON generation date=Tue Mar 07 09:50:55 CET 2023 (1678179055335)
2023-11-18 12:41:50,265 [INFO] LoadUrlFilesThread:185 - End of LoadServerUrlFiles without Thread
2023-11-18 12:41:50,266 [INFO] TargetSelectorAdapter:259 - Refresh data is successful
2023-11-18 12:41:50,384 [INFO] ApiDb:581 - Connected to CubeFinder SQLite database (C:\Users\steva\.stmcufinder\plugins\mcufinder\mcu\cube-finder-db.db)
2023-11-18 12:41:50,449 [INFO] ApiDb:668 - CubeFinder database Data Model version=2.1
2023-11-18 12:41:50,449 [INFO] ApiDb:669 - CubeFinder database Configuration version=3.0.37
2023-11-18 12:41:50,449 [INFO] ApiDb:670 - CubeFinder database generation date=2023-10-13 (1697197505)
2023-11-18 12:41:50,449 [INFO] ApiDb:671 - CubeFinder database FW Pack versions=[FP-ATR-ASTRA1_V2.0.0, FP-SNS-FLIGHT1_V5.0.1, FP-SNS-FLIGHT1_V5.0.2, FP-SNS-MOTENV1_V4.3.1, FP-SNS-MOTENV1_V4.3.2, FP-SNS-SMARTAG2_V1.2.0, I-CUBE-ITTIADB_V8.6.3-1, STM32Cube_FW_C0_V1.1.0, STM32Cube_FW_F4_V1.27.1, STM32Cube_FW_F7_V1.17.0, STM32Cube_FW_G0_V1.6.1, STM32Cube_FW_G4_V1.5.1, STM32Cube_FW_H5_V0.5.1, STM32Cube_FW_H5_V1.1.1, STM32Cube_FW_H7_V1.11.0, STM32Cube_FW_L0_V1.12.2, STM32Cube_FW_L5_V1.5.0, STM32Cube_FW_U5_V1.3.0, STM32Cube_FW_U5_V1.3.0RC4, STM32Cube_FW_WBA_V1.0.0RC1, STM32Cube_FW_WBA_V1.1.0RC1, STM32Cube_FW_WBA_V1.1.1, STM32Cube_FW_WB_V1.15.0RC1, STM32Cube_FW_WB_V1.16.0, STM32Cube_FW_WB_V1.16.0RC2, STM32Cube_FW_WB_V1.17.3, STM32Cube_FW_WL_V1.3.0, X-CUBE-ALGOBUILD_V1.3.0, X-CUBE-ALS_V1.0.1, X-CUBE-AZRTOS-F4_V1.1.0, X-CUBE-AZRTOS-F7_V1.1.0, X-CUBE-AZRTOS-G0_V1.1.0, X-CUBE-AZRTOS-G4_V2.0.0, X-CUBE-AZRTOS-H7_V3.1.0, X-CUBE-AZRTOS-L4_V1.0.0, X-CUBE-AZRTOS-L4_V2.0.0, X-CUBE-AZRTOS-L5_V1.1.0, X-CUBE-AZRTOS-WB_V2.0.0, X-CUBE-AZRTOS-WL_V2.0.0, X-CUBE-BLE1_V7.0.0, X-CUBE-BLE2_V3.3.0, X-CUBE-BLEMGR_V2.0.0, X-CUBE-EEPRMA1_V4.1.0, X-CUBE-FREERTOS_V1.1.0, X-CUBE-GNSS1_V6.0.0, X-CUBE-MEMS1_V10.0.0, X-CUBE-MEMS1_V9.1.0, X-CUBE-MEMS1_V9.4.0, X-CUBE-MEMS1_V9.6.0, X-CUBE-NFC4_V3.0.0, X-CUBE-NFC7_V1.0.1, X-CUBE-SFXS2LP1_V4.0.0, X-CUBE-SUBG2_V5.0.0, X-CUBE-TOF1_V3.3.1]
2023-11-18 12:41:52,139 [INFO] ApiDb:240 - Found 323 in-development CPN: [B-G473E-ZEST1S, B-WB1M-WPAN1, B-WL5M-SUBG1, NUCLEO-C031C6, NUCLEO-H503RB, NUCLEO-H563ZI, NUCLEO-U545RE-Q, NUCLEO-U5A5ZJ-Q, NUCLEO-WBA52CG, STEVAL-PROTEUS1, STEVAL-SMARTAG2, STEVAL-STWINBX1, STM320518-EVAL, STM32C0116-DK, STM32C011D6Y3TR, STM32C011D6Y6TR, STM32C011F4P3, STM32C011F4P6, STM32C011F4U3, STM32C011F4U6TR, STM32C011F6P3, STM32C011F6P6, STM32C011F6U3, STM32C011F6U6TR, STM32C011J4M3, STM32C011J4M6, STM32C011J6M3, STM32C011J6M6, STM32C0316-DK, STM32C031C4T3, STM32C031C4T6, STM32C031C4U3, STM32C031C4U6, STM32C031C6T3, STM32C031C6T6, STM32C031C6U3, STM32C031C6U6, STM32C031F4P3, STM32C031F4P6, STM32C031F6P3, STM32C031F6P6, STM32C031G4U3, STM32C031G4U6, STM32C031G6U3, STM32C031G6U6, STM32C031K4T3, STM32C031K4T6, STM32C031K4U3, STM32C031K4U6, STM32C031K6T3, STM32C031K6T6, STM32C031K6U3, STM32C031K6U6, STM32G071K8TXN, STM32G071K8UXN, STM32G081GBU6N, STM32G081KBT6N, STM32G081KBUXN, STM32G0B1CCT6N, STM32G0B1KCT6, STM32G0B1NEY6TR, STM32G0B1RCT6N, STM32G0C1CCT6, STM32G0C1CCT6N, STM32G0C1CCU6N, STM32G0C1CET6N, STM32G0C1CEU6N, STM32G0C1KCT6, STM32G0C1NEY6TR, STM32G0C1RCI6N, STM32G0C1RCT6N, STM32G0C1REI6N, STM32G0C1RET6N, STM32G0C1VCI6, STM32G0C1VEI6, STM32G471CCT6, STM32G471CCU6, STM32G471CET3, STM32G471CET6, STM32G471CEU3, STM32G471CEU6, STM32G471MCT6, STM32G471MET3, STM32G471MET6, STM32G471MEY6TR, STM32G471QCT6, STM32G471QET3, STM32G471RCT6, STM32G471RET3, STM32G471RET6, STM32G471VCH6, STM32G471VCI6, STM32G471VCT6, STM32G471VEH3, STM32G471VEH6, STM32G471VEI3, STM32G471VEI6, STM32G471VET3, STM32G471VET6, STM32G474CCT6, STM32H503CBT6, STM32H503CBU6, STM32H503EBY6TR, STM32H503KBU6, STM32H503RBT6, STM32H562AGI6, STM32H562AII6, STM32H562IGK6, STM32H562IGT6, STM32H562IIK6, STM32H562IIT6, STM32H562RGT6, STM32H562RGV6, STM32H562RIT6, STM32H562RIV6, STM32H562VGT6, STM32H562VIT6, STM32H562ZGT6, STM32H562ZIT6, STM32H563AGI6, STM32H563AII3Q, STM32H563AII6, STM32H563IGK6, STM32H563IGT6, STM32H563IIK3Q, STM32H563IIK6, STM32H563IIT3Q, STM32H563IIT6, STM32H563MIY3QTR, STM32H563RGT6, STM32H563RGV6, STM32H563RIT6, STM32H563RIV6, STM32H563VGT6, STM32H563VIT3Q, STM32H563VIT6, STM32H563ZGT6, STM32H563ZIT3Q, STM32H563ZIT6, STM32H573AII3Q, STM32H573AII6, STM32H573I-DK, STM32H573IIK3Q, STM32H573IIK6, STM32H573IIT3Q, STM32H573IIT6, STM32H573MIY3QTR, STM32H573RIT6, STM32H573RIV6, STM32H573VIT3Q, STM32H573VIT6, STM32H573ZIT3Q, STM32H573ZIT6, STM32L4R5QGI6STR, STM32MP131AAE3, STM32MP131AAF3, STM32MP131AAG3, STM32MP131CAE3, STM32MP131CAF3, STM32MP131CAG3, STM32MP131DAE7, STM32MP131DAF7, STM32MP131DAG7, STM32MP131FAE7, STM32MP131FAF7, STM32MP131FAG7, STM32MP133AAE3, STM32MP133AAF3, STM32MP133AAG3, STM32MP133CAE3, STM32MP133CAF3, STM32MP133CAG3, STM32MP133DAE7, STM32MP133DAF7, STM32MP133DAG7, STM32MP133FAE7, STM32MP133FAF7, STM32MP133FAG7, STM32MP135AAE3, STM32MP135AAF3, STM32MP135AAG3, STM32MP135CAE3, STM32MP135CAF3, STM32MP135CAG3, STM32MP135DAE7, STM32MP135DAF7, STM32MP135DAG7, STM32MP135F-DK, STM32MP135FAE7, STM32MP135FAF7, STM32MP135FAF7T, STM32MP135FAF7U, STM32MP135FAG7, STM32U535CBT6, STM32U535CBT6Q, STM32U535CBU6, STM32U535CBU6Q, STM32U535CCT6, STM32U535CCT6Q, STM32U535CCU6, STM32U535CCU6Q, STM32U535CET6, STM32U535CET6Q, STM32U535CEU6, STM32U535CEU6Q, STM32U535JEY6QTR, STM32U535NCY6QTR, STM32U535NEY6QTR, STM32U535RBI6, STM32U535RBI6Q, STM32U535RBT6, STM32U535RBT6Q, STM32U535RCI6, STM32U535RCI6Q, STM32U535RCT6, STM32U535RCT6Q, STM32U535REI6, STM32U535REI6Q, STM32U535RET6, STM32U535RET6Q, STM32U535VCI6, STM32U535VCI6Q, STM32U535VCT6, STM32U535VCT6Q, STM32U535VEI6, STM32U535VEI6Q, STM32U535VET6, STM32U535VET6Q, STM32U545CET6, STM32U545CET6Q, STM32U545CEU6, STM32U545CEU6Q, STM32U545JEY6QTR, STM32U545NEY6QTR, STM32U545REI6, STM32U545REI6Q, STM32U545RET6, STM32U545RET6Q, STM32U545VEI6, STM32U545VEI6Q, STM32U545VET6, STM32U545VET6Q, STM32U595AIH6, STM32U595AIH6Q, STM32U595AJH6, STM32U595AJH6Q, STM32U595QII6, STM32U595QII6Q, STM32U595QJI6, STM32U595QJI6Q, STM32U595RIT6, STM32U595RIT6Q, STM32U595RJT6, STM32U595RJT6Q, STM32U595VIT6, STM32U595VIT6Q, STM32U595VJT6, STM32U595VJT6Q, STM32U595ZIT6, STM32U595ZIT6Q, STM32U595ZIY6QTR, STM32U595ZJT6, STM32U595ZJT6Q, STM32U595ZJY6QTR, STM32U599BJY6QTR, STM32U599NIH6Q, STM32U599NJH6Q, STM32U599VIT6Q, STM32U599VJT6, STM32U599VJT6Q, STM32U599ZIT6Q, STM32U599ZIY6QTR, STM32U599ZJT6Q, STM32U599ZJY6QTR, STM32U5A5AJH6, STM32U5A5AJH6Q, STM32U5A5QJI6, STM32U5A5QJI6Q, STM32U5A5RJT6, STM32U5A5RJT6Q, STM32U5A5VJT6, STM32U5A5VJT6Q, STM32U5A5ZJT6, STM32U5A5ZJT6Q, STM32U5A5ZJY6QTR, STM32U5A9BJY6QTR, STM32U5A9J-DK, STM32U5A9NJH6Q, STM32U5A9VJT6Q, STM32U5A9ZJT6Q, STM32U5A9ZJY6QTR, STM32U5F7VIT6, STM32U5F7VIT6Q, STM32U5F7VJT6, STM32U5F7VJT6Q, STM32U5F9BJY6QTR, STM32U5F9NJH6Q, STM32U5F9VIT6Q, STM32U5F9VJT6Q, STM32U5F9ZIJ6QTR, STM32U5F9ZIT6Q, STM32U5F9ZJJ6QTR, STM32U5F9ZJT6Q, STM32U5G7VJT6, STM32U5G7VJT6Q, STM32U5G9BJY6QTR, STM32U5G9J-DK1, STM32U5G9J-DK2, STM32U5G9NJH6Q, STM32U5G9VJT6Q, STM32U5G9ZJJ6QTR, STM32U5G9ZJT6Q, STM32WB1MMCH6, STM32WBA52CEU6, STM32WBA52CEU6T, STM32WBA52CGU6, STM32WBA52CGU6T, STM32WBA52KEU6, STM32WBA52KEU6T, STM32WBA52KGU6, STM32WBA52KGU6T, STM32WL5MOCH6, STM32WL5MOCH6TR]
2023-11-18 12:41:52,143 [INFO] DbMcus:217 - Found 3848 MCUs, 3848 are supported
2023-11-18 12:41:52,144 [INFO] ApiDb:423 - Load user favorites file C:\Users\steva/.stm32cubeide/favorites.mcus.txt: 0 item(s)
2023-11-18 12:41:52,144 [INFO] ApiDb:427 - User favorites MCUs=[]
2023-11-18 12:41:52,144 [INFO] DbMcus:223 - Set 0 / 0 favorites MCUs
2023-11-18 12:41:52,362 [INFO] ApiDb:668 - CubeFinder database Data Model version=2.1
2023-11-18 12:41:52,362 [INFO] ApiDb:669 - CubeFinder database Configuration version=3.0.37
2023-11-18 12:41:52,362 [INFO] ApiDb:670 - CubeFinder database generation date=2023-10-13 (1697197505)
2023-11-18 12:41:52,362 [INFO] ApiDb:671 - CubeFinder database FW Pack versions=[FP-ATR-ASTRA1_V2.0.0, FP-SNS-FLIGHT1_V5.0.1, FP-SNS-FLIGHT1_V5.0.2, FP-SNS-MOTENV1_V4.3.1, FP-SNS-MOTENV1_V4.3.2, FP-SNS-SMARTAG2_V1.2.0, I-CUBE-ITTIADB_V8.6.3-1, STM32Cube_FW_C0_V1.1.0, STM32Cube_FW_F4_V1.27.1, STM32Cube_FW_F7_V1.17.0, STM32Cube_FW_G0_V1.6.1, STM32Cube_FW_G4_V1.5.1, STM32Cube_FW_H5_V0.5.1, STM32Cube_FW_H5_V1.1.1, STM32Cube_FW_H7_V1.11.0, STM32Cube_FW_L0_V1.12.2, STM32Cube_FW_L5_V1.5.0, STM32Cube_FW_U5_V1.3.0, STM32Cube_FW_U5_V1.3.0RC4, STM32Cube_FW_WBA_V1.0.0RC1, STM32Cube_FW_WBA_V1.1.0RC1, STM32Cube_FW_WBA_V1.1.1, STM32Cube_FW_WB_V1.15.0RC1, STM32Cube_FW_WB_V1.16.0, STM32Cube_FW_WB_V1.16.0RC2, STM32Cube_FW_WB_V1.17.3, STM32Cube_FW_WL_V1.3.0, X-CUBE-ALGOBUILD_V1.3.0, X-CUBE-ALS_V1.0.1, X-CUBE-AZRTOS-F4_V1.1.0, X-CUBE-AZRTOS-F7_V1.1.0, X-CUBE-AZRTOS-G0_V1.1.0, X-CUBE-AZRTOS-G4_V2.0.0, X-CUBE-AZRTOS-H7_V3.1.0, X-CUBE-AZRTOS-L4_V1.0.0, X-CUBE-AZRTOS-L4_V2.0.0, X-CUBE-AZRTOS-L5_V1.1.0, X-CUBE-AZRTOS-WB_V2.0.0, X-CUBE-AZRTOS-WL_V2.0.0, X-CUBE-BLE1_V7.0.0, X-CUBE-BLE2_V3.3.0, X-CUBE-BLEMGR_V2.0.0, X-CUBE-EEPRMA1_V4.1.0, X-CUBE-FREERTOS_V1.1.0, X-CUBE-GNSS1_V6.0.0, X-CUBE-MEMS1_V10.0.0, X-CUBE-MEMS1_V9.1.0, X-CUBE-MEMS1_V9.4.0, X-CUBE-MEMS1_V9.6.0, X-CUBE-NFC4_V3.0.0, X-CUBE-NFC7_V1.0.1, X-CUBE-SFXS2LP1_V4.0.0, X-CUBE-SUBG2_V5.0.0, X-CUBE-TOF1_V3.3.1]
2023-11-18 12:41:52,416 [INFO] DbBoardsSqlite:226 - include board P-NUCLEO-WB55-NUCLEO as a kit item of type 'Nucleo-64'
2023-11-18 12:41:52,417 [INFO] DbBoardsSqlite:226 - include board P-NUCLEO-WB55-USBDONGLE as a kit item of type 'Nucleo USB Dongle'
2023-11-18 12:41:52,417 [INFO] DbBoardsSqlite:226 - include board STEVAL-IDP005V1 as a kit item of type 'Evaluation Board'
2023-11-18 12:41:52,417 [INFO] DbBoardsSqlite:226 - include board STEVAL-IDP005V2 as a kit item of type 'Evaluation Board'
2023-11-18 12:41:52,466 [INFO] ApiDb:240 - Found 323 in-development CPN: [B-G473E-ZEST1S, B-WB1M-WPAN1, B-WL5M-SUBG1, NUCLEO-C031C6, NUCLEO-H503RB, NUCLEO-H563ZI, NUCLEO-U545RE-Q, NUCLEO-U5A5ZJ-Q, NUCLEO-WBA52CG, STEVAL-PROTEUS1, STEVAL-SMARTAG2, STEVAL-STWINBX1, STM320518-EVAL, STM32C0116-DK, STM32C011D6Y3TR, STM32C011D6Y6TR, STM32C011F4P3, STM32C011F4P6, STM32C011F4U3, STM32C011F4U6TR, STM32C011F6P3, STM32C011F6P6, STM32C011F6U3, STM32C011F6U6TR, STM32C011J4M3, STM32C011J4M6, STM32C011J6M3, STM32C011J6M6, STM32C0316-DK, STM32C031C4T3, STM32C031C4T6, STM32C031C4U3, STM32C031C4U6, STM32C031C6T3, STM32C031C6T6, STM32C031C6U3, STM32C031C6U6, STM32C031F4P3, STM32C031F4P6, STM32C031F6P3, STM32C031F6P6, STM32C031G4U3, STM32C031G4U6, STM32C031G6U3, STM32C031G6U6, STM32C031K4T3, STM32C031K4T6, STM32C031K4U3, STM32C031K4U6, STM32C031K6T3, STM32C031K6T6, STM32C031K6U3, STM32C031K6U6, STM32G071K8TXN, STM32G071K8UXN, STM32G081GBU6N, STM32G081KBT6N, STM32G081KBUXN, STM32G0B1CCT6N, STM32G0B1KCT6, STM32G0B1NEY6TR, STM32G0B1RCT6N, STM32G0C1CCT6, STM32G0C1CCT6N, STM32G0C1CCU6N, STM32G0C1CET6N, STM32G0C1CEU6N, STM32G0C1KCT6, STM32G0C1NEY6TR, STM32G0C1RCI6N, STM32G0C1RCT6N, STM32G0C1REI6N, STM32G0C1RET6N, STM32G0C1VCI6, STM32G0C1VEI6, STM32G471CCT6, STM32G471CCU6, STM32G471CET3, STM32G471CET6, STM32G471CEU3, STM32G471CEU6, STM32G471MCT6, STM32G471MET3, STM32G471MET6, STM32G471MEY6TR, STM32G471QCT6, STM32G471QET3, STM32G471RCT6, STM32G471RET3, STM32G471RET6, STM32G471VCH6, STM32G471VCI6, STM32G471VCT6, STM32G471VEH3, STM32G471VEH6, STM32G471VEI3, STM32G471VEI6, STM32G471VET3, STM32G471VET6, STM32G474CCT6, STM32H503CBT6, STM32H503CBU6, STM32H503EBY6TR, STM32H503KBU6, STM32H503RBT6, STM32H562AGI6, STM32H562AII6, STM32H562IGK6, STM32H562IGT6, STM32H562IIK6, STM32H562IIT6, STM32H562RGT6, STM32H562RGV6, STM32H562RIT6, STM32H562RIV6, STM32H562VGT6, STM32H562VIT6, STM32H562ZGT6, STM32H562ZIT6, STM32H563AGI6, STM32H563AII3Q, STM32H563AII6, STM32H563IGK6, STM32H563IGT6, STM32H563IIK3Q, STM32H563IIK6, STM32H563IIT3Q, STM32H563IIT6, STM32H563MIY3QTR, STM32H563RGT6, STM32H563RGV6, STM32H563RIT6, STM32H563RIV6, STM32H563VGT6, STM32H563VIT3Q, STM32H563VIT6, STM32H563ZGT6, STM32H563ZIT3Q, STM32H563ZIT6, STM32H573AII3Q, STM32H573AII6, STM32H573I-DK, STM32H573IIK3Q, STM32H573IIK6, STM32H573IIT3Q, STM32H573IIT6, STM32H573MIY3QTR, STM32H573RIT6, STM32H573RIV6, STM32H573VIT3Q, STM32H573VIT6, STM32H573ZIT3Q, STM32H573ZIT6, STM32L4R5QGI6STR, STM32MP131AAE3, STM32MP131AAF3, STM32MP131AAG3, STM32MP131CAE3, STM32MP131CAF3, STM32MP131CAG3, STM32MP131DAE7, STM32MP131DAF7, STM32MP131DAG7, STM32MP131FAE7, STM32MP131FAF7, STM32MP131FAG7, STM32MP133AAE3, STM32MP133AAF3, STM32MP133AAG3, STM32MP133CAE3, STM32MP133CAF3, STM32MP133CAG3, STM32MP133DAE7, STM32MP133DAF7, STM32MP133DAG7, STM32MP133FAE7, STM32MP133FAF7, STM32MP133FAG7, STM32MP135AAE3, STM32MP135AAF3, STM32MP135AAG3, STM32MP135CAE3, STM32MP135CAF3, STM32MP135CAG3, STM32MP135DAE7, STM32MP135DAF7, STM32MP135DAG7, STM32MP135F-DK, STM32MP135FAE7, STM32MP135FAF7, STM32MP135FAF7T, STM32MP135FAF7U, STM32MP135FAG7, STM32U535CBT6, STM32U535CBT6Q, STM32U535CBU6, STM32U535CBU6Q, STM32U535CCT6, STM32U535CCT6Q, STM32U535CCU6, STM32U535CCU6Q, STM32U535CET6, STM32U535CET6Q, STM32U535CEU6, STM32U535CEU6Q, STM32U535JEY6QTR, STM32U535NCY6QTR, STM32U535NEY6QTR, STM32U535RBI6, STM32U535RBI6Q, STM32U535RBT6, STM32U535RBT6Q, STM32U535RCI6, STM32U535RCI6Q, STM32U535RCT6, STM32U535RCT6Q, STM32U535REI6, STM32U535REI6Q, STM32U535RET6, STM32U535RET6Q, STM32U535VCI6, STM32U535VCI6Q, STM32U535VCT6, STM32U535VCT6Q, STM32U535VEI6, STM32U535VEI6Q, STM32U535VET6, STM32U535VET6Q, STM32U545CET6, STM32U545CET6Q, STM32U545CEU6, STM32U545CEU6Q, STM32U545JEY6QTR, STM32U545NEY6QTR, STM32U545REI6, STM32U545REI6Q, STM32U545RET6, STM32U545RET6Q, STM32U545VEI6, STM32U545VEI6Q, STM32U545VET6, STM32U545VET6Q, STM32U595AIH6, STM32U595AIH6Q, STM32U595AJH6, STM32U595AJH6Q, STM32U595QII6, STM32U595QII6Q, STM32U595QJI6, STM32U595QJI6Q, STM32U595RIT6, STM32U595RIT6Q, STM32U595RJT6, STM32U595RJT6Q, STM32U595VIT6, STM32U595VIT6Q, STM32U595VJT6, STM32U595VJT6Q, STM32U595ZIT6, STM32U595ZIT6Q, STM32U595ZIY6QTR, STM32U595ZJT6, STM32U595ZJT6Q, STM32U595ZJY6QTR, STM32U599BJY6QTR, STM32U599NIH6Q, STM32U599NJH6Q, STM32U599VIT6Q, STM32U599VJT6, STM32U599VJT6Q, STM32U599ZIT6Q, STM32U599ZIY6QTR, STM32U599ZJT6Q, STM32U599ZJY6QTR, STM32U5A5AJH6, STM32U5A5AJH6Q, STM32U5A5QJI6, STM32U5A5QJI6Q, STM32U5A5RJT6, STM32U5A5RJT6Q, STM32U5A5VJT6, STM32U5A5VJT6Q, STM32U5A5ZJT6, STM32U5A5ZJT6Q, STM32U5A5ZJY6QTR, STM32U5A9BJY6QTR, STM32U5A9J-DK, STM32U5A9NJH6Q, STM32U5A9VJT6Q, STM32U5A9ZJT6Q, STM32U5A9ZJY6QTR, STM32U5F7VIT6, STM32U5F7VIT6Q, STM32U5F7VJT6, STM32U5F7VJT6Q, STM32U5F9BJY6QTR, STM32U5F9NJH6Q, STM32U5F9VIT6Q, STM32U5F9VJT6Q, STM32U5F9ZIJ6QTR, STM32U5F9ZIT6Q, STM32U5F9ZJJ6QTR, STM32U5F9ZJT6Q, STM32U5G7VJT6, STM32U5G7VJT6Q, STM32U5G9BJY6QTR, STM32U5G9J-DK1, STM32U5G9J-DK2, STM32U5G9NJH6Q, STM32U5G9VJT6Q, STM32U5G9ZJJ6QTR, STM32U5G9ZJT6Q, STM32WB1MMCH6, STM32WBA52CEU6, STM32WBA52CEU6T, STM32WBA52CGU6, STM32WBA52CGU6T, STM32WBA52KEU6, STM32WBA52KEU6T, STM32WBA52KGU6, STM32WBA52KGU6T, STM32WL5MOCH6, STM32WL5MOCH6TR]
2023-11-18 12:41:52,579 [INFO] BoardInfo:880 - No configuration file found for board P-NUCLEO-WB55
2023-11-18 12:41:52,580 [INFO] DbBoards:157 - Kit is not supported: P-NUCLEO-WB55
2023-11-18 12:41:52,584 [INFO] BoardInfo:880 - No configuration file found for board STEVAL-BFA001V1B
2023-11-18 12:41:52,584 [INFO] DbBoards:157 - Kit is not supported: STEVAL-BFA001V1B
2023-11-18 12:41:52,585 [INFO] BoardInfo:880 - No configuration file found for board STEVAL-BFA001V2B
2023-11-18 12:41:52,585 [INFO] DbBoards:157 - Kit is not supported: STEVAL-BFA001V2B
2023-11-18 12:41:52,701 [INFO] DbBoards:161 - Found 190 boards, 187 are supported
2023-11-18 12:41:52,703 [INFO] ApiDb:414 - User favorites file not found: C:\Users\steva/.stm32cubeide/favorites.boards.txt
2023-11-18 12:41:52,703 [INFO] DbBoards:190 - Set 0 / 0 favorites Boards
2023-11-18 12:41:52,705 [INFO] ApiDb:668 - CubeFinder database Data Model version=2.1
2023-11-18 12:41:52,706 [INFO] ApiDb:669 - CubeFinder database Configuration version=3.0.37
2023-11-18 12:41:52,706 [INFO] ApiDb:670 - CubeFinder database generation date=2023-10-13 (1697197505)
2023-11-18 12:41:52,706 [INFO] ApiDb:671 - CubeFinder database FW Pack versions=[FP-ATR-ASTRA1_V2.0.0, FP-SNS-FLIGHT1_V5.0.1, FP-SNS-FLIGHT1_V5.0.2, FP-SNS-MOTENV1_V4.3.1, FP-SNS-MOTENV1_V4.3.2, FP-SNS-SMARTAG2_V1.2.0, I-CUBE-ITTIADB_V8.6.3-1, STM32Cube_FW_C0_V1.1.0, STM32Cube_FW_F4_V1.27.1, STM32Cube_FW_F7_V1.17.0, STM32Cube_FW_G0_V1.6.1, STM32Cube_FW_G4_V1.5.1, STM32Cube_FW_H5_V0.5.1, STM32Cube_FW_H5_V1.1.1, STM32Cube_FW_H7_V1.11.0, STM32Cube_FW_L0_V1.12.2, STM32Cube_FW_L5_V1.5.0, STM32Cube_FW_U5_V1.3.0, STM32Cube_FW_U5_V1.3.0RC4, STM32Cube_FW_WBA_V1.0.0RC1, STM32Cube_FW_WBA_V1.1.0RC1, STM32Cube_FW_WBA_V1.1.1, STM32Cube_FW_WB_V1.15.0RC1, STM32Cube_FW_WB_V1.16.0, STM32Cube_FW_WB_V1.16.0RC2, STM32Cube_FW_WB_V1.17.3, STM32Cube_FW_WL_V1.3.0, X-CUBE-ALGOBUILD_V1.3.0, X-CUBE-ALS_V1.0.1, X-CUBE-AZRTOS-F4_V1.1.0, X-CUBE-AZRTOS-F7_V1.1.0, X-CUBE-AZRTOS-G0_V1.1.0, X-CUBE-AZRTOS-G4_V2.0.0, X-CUBE-AZRTOS-H7_V3.1.0, X-CUBE-AZRTOS-L4_V1.0.0, X-CUBE-AZRTOS-L4_V2.0.0, X-CUBE-AZRTOS-L5_V1.1.0, X-CUBE-AZRTOS-WB_V2.0.0, X-CUBE-AZRTOS-WL_V2.0.0, X-CUBE-BLE1_V7.0.0, X-CUBE-BLE2_V3.3.0, X-CUBE-BLEMGR_V2.0.0, X-CUBE-EEPRMA1_V4.1.0, X-CUBE-FREERTOS_V1.1.0, X-CUBE-GNSS1_V6.0.0, X-CUBE-MEMS1_V10.0.0, X-CUBE-MEMS1_V9.1.0, X-CUBE-MEMS1_V9.4.0, X-CUBE-MEMS1_V9.6.0, X-CUBE-NFC4_V3.0.0, X-CUBE-NFC7_V1.0.1, X-CUBE-SFXS2LP1_V4.0.0, X-CUBE-SUBG2_V5.0.0, X-CUBE-TOF1_V3.3.1]
2023-11-18 12:41:53,474 [ERROR] DbExamplesSqlite:437 - Missing JSON key: board_cpn
2023-11-18 12:41:53,474 [ERROR] DbExamplesSqlite:437 - Missing JSON key: board_cpn
2023-11-18 12:41:53,474 [ERROR] DbExamplesSqlite:437 - Missing JSON key: board_cpn
2023-11-18 12:41:53,474 [ERROR] DbExamplesSqlite:437 - Missing JSON key: board_cpn
2023-11-18 12:41:53,483 [INFO] DbExamplesSqlite:395 - Ignored 27 examples not supported by CubeIDE
2023-11-18 12:41:53,483 [INFO] DbExamplesSqlite:396 - Found 7221 examples active
2023-11-18 12:41:53,483 [INFO] DbExamplesSqlite:397 - Found 777 examples obsolete
2023-11-18 12:41:53,484 [INFO] DbExamplesSqlite:398 - Found 0 examples under development
2023-11-18 12:41:53,484 [INFO] DbExamplesSqlite:399 - Found 74 examples not building
2023-11-18 12:41:53,485 [INFO] DbExamples:125 - Found 7268 examples
2023-11-18 12:41:53,494 [INFO] DbExamples:222 - Found 93 boards with related examples
2023-11-18 12:41:53,495 [INFO] DbExamples:235 - Found 79 MCUs with related examples
2023-11-18 12:41:53,511 [INFO] ApiDb:414 - User favorites file not found: C:\Users\steva/.stm32cubeide/favorites.examples.txt
2023-11-18 12:41:53,511 [INFO] DbExamples:250 - Set 0 / 0 favorites Examples
2023-11-18 12:41:53,817 [INFO] McuFinderGlobals:76 - Set McuFinderConnectedMode to true
2023-11-18 12:41:53,824 [INFO] MultiScanPanel:200 - Auto-refresh data requested => check proxy status ongoing
2023-11-18 12:41:53,828 [INFO] FinderPluginLoader:95 - Searching for filters in installed packs
2023-11-18 12:41:55,130 [INFO] LoadUrlFilesThread:185 - End of LoadServerUrlFiles without Thread
2023-11-18 12:41:55,141 [INFO] DetailPanel:341 - Set advertising image to C:/Users/steva/STM32Cube/Repository/\en.prom-stm32h5-mcu-finder.jpg
2023-11-18 12:42:55,163 [INFO] MainUpdater:2868 - connection check result : 10
2023-11-18 12:42:55,163 [INFO] MainUpdater:2868 - connection check result : 10
2023-11-18 12:42:55,193 [INFO] MicroXplorer:468 - Change Database Path : 
2023-11-18 12:42:55,193 [INFO] MicroXplorer:498 - Change Database Version : DB.6.0.92
2023-11-18 12:42:55,198 [WARN] ThirdParty:871 - waiting for thirdparty lock release [close project]
2023-11-18 12:42:55,198 [INFO] ThirdParty:873 - entering critical section [close project]
2023-11-18 12:42:55,199 [INFO] ThirdParty:883 - exiting critical section [close project]
2023-11-18 12:42:55,201 [INFO] PinOutPanel:1499 - setPackage(No Configuration,No Configuration)
2023-11-18 12:42:55,210 [INFO] UtilMem:75 - Begin LoadConfig() Used Memory: 573955000 Bytes (1003487232)
2023-11-18 12:42:55,211 [INFO] MicroXplorer:468 - Change Database Path : 
2023-11-18 12:42:55,212 [INFO] MicroXplorer:498 - Change Database Version : DB.6.0.92
2023-11-18 12:42:55,212 [INFO] OpenFileManager:308 - Change cursor
2023-11-18 12:42:55,225 [WARN] IntegrityCheckThread:84 - waiting for thirdparty lock release [integrity check]
2023-11-18 12:42:55,225 [INFO] IntegrityCheckThread:86 - entering critical section [integrity check]
2023-11-18 12:42:55,478 [WARN] PackLoader:240 - Cannot read IP mode file for STMicroelectronics.X-CUBE-SMBUS.2.1.0
2023-11-18 12:42:55,533 [WARN] PackLoader:240 - Cannot read IP mode file for STMicroelectronics.X-CUBE-AZRTOS-F7.1.1.0
2023-11-18 12:42:55,555 [WARN] PackLoader:240 - Cannot read IP mode file for STMicroelectronics.FP-SNS-MOTENV1.4.3.2
2023-11-18 12:42:55,574 [WARN] PackLoader:240 - Cannot read IP mode file for STMicroelectronics.FP-SNS-FLIGHT1.5.0.2
2023-11-18 12:42:55,590 [WARN] PackLoader:240 - Cannot read IP mode file for STMicroelectronics.X-CUBE-DISPLAY.3.0.0
2023-11-18 12:42:55,607 [WARN] PackLoader:240 - Cannot read IP mode file for STMicroelectronics.X-CUBE-BLE1.7.0.0
2023-11-18 12:42:55,632 [WARN] PackLoader:240 - Cannot read IP mode file for emotas.I-CUBE-CANOPEN.1.3.0
2023-11-18 12:42:55,645 [WARN] PackLoader:240 - Cannot read IP mode file for STMicroelectronics.X-CUBE-TOUCHGFX.4.22.1
2023-11-18 12:42:55,656 [WARN] PackLoader:240 - Cannot read IP mode file for STMicroelectronics.FP-SNS-SMARTAG2.1.2.0
2023-11-18 12:42:55,682 [INFO] LogOutputStream:77 - [STDOUT_REDIRECT] 1 : Invalid condition id : UX_CORESTACK_Condition cause : null
2023-11-18 12:42:55,682 [INFO] LogOutputStream:77 - [STDOUT_REDIRECT] 1 : Invalid condition id : UX_CORESTACK_Condition cause : null
2023-11-18 12:42:55,684 [INFO] LogOutputStream:77 - [STDOUT_REDIRECT] 1 : Invalid condition id : UX_CORESTACK_Condition cause : null
2023-11-18 12:42:55,685 [INFO] LogOutputStream:77 - [STDOUT_REDIRECT] 1 : Invalid condition id : UX_CORESTACK_Condition cause : null
2023-11-18 12:42:55,687 [INFO] LogOutputStream:77 - [STDOUT_REDIRECT] 1 : Invalid condition id : UX_CORESTACK_Condition cause : null
2023-11-18 12:42:55,691 [WARN] PackLoader:240 - Cannot read IP mode file for STMicroelectronics.X-CUBE-AZRTOS-WL.2.0.0
2023-11-18 12:42:55,709 [WARN] PackLoader:240 - Cannot read IP mode file for WES.I-CUBE-Cesium.1.3.0
2023-11-18 12:42:55,723 [WARN] PackLoader:240 - Cannot read IP mode file for STMicroelectronics.X-CUBE-BLE2.3.3.0
2023-11-18 12:42:55,738 [WARN] PackLoader:240 - Cannot read IP mode file for STMicroelectronics.X-CUBE-ALGOBUILD.1.3.0
2023-11-18 12:42:55,777 [WARN] PackLoader:240 - Cannot read IP mode file for STMicroelectronics.X-CUBE-AZRTOS-G0.1.1.0
2023-11-18 12:42:55,795 [WARN] PackLoader:240 - Cannot read IP mode file for STMicroelectronics.X-CUBE-NFC4.3.0.0
2023-11-18 12:42:55,812 [WARN] PackLoader:240 - Cannot read IP mode file for STMicroelectronics.X-CUBE-BLEMGR.3.0.0
2023-11-18 12:42:55,829 [WARN] PackLoader:240 - Cannot read IP mode file for STMicroelectronics.FP-ATR-SIGFOX1.3.2.0
2023-11-18 12:42:55,844 [WARN] PackLoader:240 - Cannot read IP mode file for STMicroelectronics.X-CUBE-GNSS1.6.0.0
2023-11-18 12:42:55,880 [WARN] PackLoader:240 - Cannot read IP mode file for STMicroelectronics.X-CUBE-AZRTOS-F4.1.1.0
2023-11-18 12:42:55,895 [WARN] PackLoader:240 - Cannot read IP mode file for wolfSSL.I-CUBE-wolfSSL.5.6.3
2023-11-18 12:42:55,929 [WARN] PackLoader:240 - Cannot read IP mode file for STMicroelectronics.X-CUBE-AZRTOS-L5.2.0.0
2023-11-18 12:42:55,949 [WARN] PackLoader:240 - Cannot read IP mode file for STMicroelectronics.X-CUBE-EEPRMA1.4.2.0
2023-11-18 12:42:55,963 [WARN] PackLoader:240 - Cannot read IP mode file for ITTIA_DB.I-CUBE-ITTIADB.8.8.0
2023-11-18 12:42:55,992 [WARN] ConditionMgr:438 - getConditionDescription Invalid condition id : UX DEVICE CLASS RTOS Condition cause : null
2023-11-18 12:42:55,992 [WARN] ConditionMgr:438 - getConditionDescription Invalid condition id : UX DEVICE CLASS RTOS Condition cause : null
2023-11-18 12:42:55,994 [WARN] PackLoader:240 - Cannot read IP mode file for STMicroelectronics.X-CUBE-AZRTOS-H7.3.1.0
2023-11-18 12:42:55,995 [WARN] ConditionMgr:1039 - genDependencies : Invalid condition id : UX DEVICE CLASS RTOS Condition cause : null
2023-11-18 12:42:55,996 [WARN] ConditionMgr:1039 - genDependencies : Invalid condition id : UX DEVICE CLASS RTOS Condition cause : null
2023-11-18 12:42:55,996 [WARN] ConditionMgr:1039 - genDependencies : Invalid condition id : UX DEVICE CLASS RTOS Condition cause : null
2023-11-18 12:42:55,996 [WARN] ConditionMgr:1039 - genDependencies : Invalid condition id : UX DEVICE CLASS RTOS Condition cause : null
2023-11-18 12:42:55,996 [WARN] ConditionMgr:1039 - genDependencies : Invalid condition id : UX DEVICE CLASS RTOS Condition cause : null
2023-11-18 12:42:56,009 [WARN] PackLoader:240 - Cannot read IP mode file for STMicroelectronics.X-CUBE-NFC7.1.0.1
2023-11-18 12:42:56,024 [WARN] PackLoader:240 - Cannot read IP mode file for STMicroelectronics.X-CUBE-NFC6.3.0.0
2023-11-18 12:42:56,039 [WARN] PackLoader:240 - Cannot read IP mode file for STMicroelectronics.X-CUBE-AI.8.1.0
2023-11-18 12:42:56,071 [WARN] ConditionMgr:438 - getConditionDescription Invalid condition id : LAN8742 Phy interface Condition cause : null
2023-11-18 12:42:56,072 [WARN] PackLoader:240 - Cannot read IP mode file for STMicroelectronics.X-CUBE-AZRTOS-L4.2.0.0
2023-11-18 12:42:56,073 [WARN] ConditionMgr:1039 - genDependencies : Invalid condition id : LAN8742 Phy interface Condition cause : null
2023-11-18 12:42:56,073 [WARN] ConditionMgr:1039 - genDependencies : Invalid condition id : LAN8742 Phy interface Condition cause : null
2023-11-18 12:42:56,074 [WARN] ConditionMgr:1039 - genDependencies : Invalid condition id : LAN8742 Phy interface Condition cause : null
2023-11-18 12:42:56,089 [WARN] PackLoader:240 - Cannot read IP mode file for STMicroelectronics.X-CUBE-SFXS2LP1.4.0.0
2023-11-18 12:42:56,101 [WARN] PackLoader:240 - Cannot read IP mode file for STMicroelectronics.X-CUBE-ISPU.1.1.0
2023-11-18 12:42:56,125 [WARN] ConditionMgr:438 - getConditionDescription Invalid condition id : UX DEVICE CLASS RTOS Condition cause : null
2023-11-18 12:42:56,125 [WARN] ConditionMgr:438 - getConditionDescription Invalid condition id : UX DEVICE CLASS RTOS Condition cause : null
2023-11-18 12:42:56,127 [WARN] PackLoader:240 - Cannot read IP mode file for STMicroelectronics.X-CUBE-AZRTOS-WB.2.0.0
2023-11-18 12:42:56,127 [WARN] ConditionMgr:1039 - genDependencies : Invalid condition id : UX DEVICE CLASS RTOS Condition cause : null
2023-11-18 12:42:56,127 [WARN] ConditionMgr:1039 - genDependencies : Invalid condition id : UX DEVICE CLASS RTOS Condition cause : null
2023-11-18 12:42:56,128 [WARN] ConditionMgr:1039 - genDependencies : Invalid condition id : UX DEVICE CLASS RTOS Condition cause : null
2023-11-18 12:42:56,128 [WARN] ConditionMgr:1039 - genDependencies : Invalid condition id : UX DEVICE CLASS RTOS Condition cause : null
2023-11-18 12:42:56,128 [WARN] ConditionMgr:1039 - genDependencies : Invalid condition id : UX DEVICE CLASS RTOS Condition cause : null
2023-11-18 12:42:56,146 [WARN] PackLoader:240 - Cannot read IP mode file for STMicroelectronics.X-CUBE-SUBG2.5.0.0
2023-11-18 12:42:56,173 [WARN] PackLoader:240 - Cannot read IP mode file for STMicroelectronics.X-CUBE-TOF1.3.3.1
2023-11-18 12:42:56,211 [WARN] PackLoader:240 - Cannot read IP mode file for STMicroelectronics.X-CUBE-AZRTOS-G4.2.0.0
2023-11-18 12:42:56,233 [WARN] PackLoader:240 - Cannot read IP mode file for Infineon.AIROC-Wi-Fi-Bluetooth-STM32.1.5.1
2023-11-18 12:42:56,286 [WARN] PackLoader:240 - Cannot read IP mode file for STMicroelectronics.X-CUBE-MEMS1.10.0.0
2023-11-18 12:42:56,428 [WARN] PackLoader:240 - Cannot read IP mode file for STMicroelectronics.X-CUBE-FREERTOS.1.1.0
2023-11-18 12:42:56,444 [WARN] PackLoader:240 - Cannot read IP mode file for portGmbH.I-Cube-SoM-uGOAL.1.1.0
2023-11-18 12:42:56,455 [WARN] PackLoader:240 - Cannot read IP mode file for STMicroelectronics.X-CUBE-ALS.1.0.1
2023-11-18 12:42:56,466 [WARN] PackLoader:240 - Cannot read IP mode file for STMicroelectronics.FP-ATR-ASTRA1.2.0.0
2023-11-18 12:42:56,466 [INFO] ThirdParty:978 - Integrity check success = true
2023-11-18 12:42:56,466 [INFO] IntegrityCheckThread:100 - exiting critical section [integrity check]
2023-11-18 12:42:56,466 [INFO] IntegrityCheckThread:103 - End integrity checks thread
2023-11-18 12:42:56,505 [INFO] Mcu:1946 - Initializing MCU STM32F103C6Tx STM32F103C6Tx STM32F103C6T6A
2023-11-18 12:42:57,410 [INFO] Context:659 - Trying to add GPIOservice into a context  which must be forbidden
2023-11-18 12:42:57,697 [INFO] ImportTextPane:194 - (OptionalMessage_ERROR) Unable to find key (Mcu.ThirdPartyNb) in loaded IOC file
2023-11-18 12:42:57,697 [INFO] ImportTextPane:194 - (OptionalMessage_ERROR) Unable to find key (Mcu.PinsNb) in loaded IOC file
2023-11-18 12:42:57,697 [INFO] ImportTextPane:194 - (OptionalMessage_ERROR) Unable to find key (Mcu.IPNb) in loaded IOC file
2023-11-18 12:42:57,788 [INFO] RtosManager:555 - Registered RTOS mode: class=CMSIS, group=RTOS, mode=CMSIS_V1, owner=FREERTOS
2023-11-18 12:42:57,788 [INFO] RtosManager:555 - Registered RTOS mode: class=CMSIS, group=RTOS2, mode=CMSIS_V2, owner=FREERTOS
2023-11-18 12:42:57,789 [INFO] RtosManager:555 - Registered RTOS mode: class=RTOS, group=Core, mode=CMSIS_V1, owner=FREERTOS
2023-11-18 12:42:57,789 [INFO] RtosManager:555 - Registered RTOS mode: class=RTOS, group=Core, mode=CMSIS_V2, owner=FREERTOS
2023-11-18 12:42:57,789 [WARN] ModelIntegratedComponent:184 - Missing modes for component STMicroelectronics:FreeRTOS:0.0.1:STMicroelectronics:RTOS:FreeRTOS:Core:::10.2.0:
2023-11-18 12:42:57,830 [WARN] ModelIntegratedComponent:63 - No mode defined for component null
2023-11-18 12:42:57,830 [WARN] ModelIntegratedComponent:63 - No mode defined for component null
2023-11-18 12:42:57,830 [WARN] ModelIntegratedComponent:63 - No mode defined for component null
2023-11-18 12:42:57,830 [WARN] ModelIntegratedComponent:63 - No mode defined for component null
2023-11-18 12:42:57,830 [WARN] ModelIntegratedComponent:63 - No mode defined for component null
2023-11-18 12:42:57,830 [WARN] ModelIntegratedComponent:63 - No mode defined for component null
2023-11-18 12:42:57,830 [WARN] ModelIntegratedComponent:63 - No mode defined for component null
2023-11-18 12:42:57,830 [WARN] ModelIntegratedComponent:63 - No mode defined for component null
2023-11-18 12:42:57,830 [WARN] ModelIntegratedComponent:63 - No mode defined for component null
2023-11-18 12:42:57,830 [WARN] ModelIntegratedComponent:63 - No mode defined for component null
2023-11-18 12:42:57,831 [WARN] ModelIntegratedComponent:63 - No mode defined for component null
2023-11-18 12:42:57,831 [WARN] ModelIntegratedComponent:63 - No mode defined for component null
2023-11-18 12:42:57,831 [WARN] ModelIntegratedComponent:63 - No mode defined for component null
2023-11-18 12:42:57,831 [WARN] ModelIntegratedComponent:63 - No mode defined for component null
2023-11-18 12:42:57,831 [WARN] ModelIntegratedComponent:63 - No mode defined for component null
2023-11-18 12:42:57,831 [WARN] ModelIntegratedComponent:63 - No mode defined for component null
2023-11-18 12:42:57,831 [WARN] ModelIntegratedComponent:63 - No mode defined for component null
2023-11-18 12:42:57,831 [WARN] ModelIntegratedComponent:63 - No mode defined for component null
2023-11-18 12:42:57,831 [WARN] ModelIntegratedComponent:63 - No mode defined for component null
2023-11-18 12:42:57,831 [WARN] ModelIntegratedComponent:63 - No mode defined for component null
2023-11-18 12:42:57,831 [WARN] ModelIntegratedComponent:63 - No mode defined for component null
2023-11-18 12:42:57,832 [WARN] ModelIntegratedComponent:63 - No mode defined for component null
2023-11-18 12:42:57,832 [WARN] ModelIntegratedComponent:63 - No mode defined for component null
2023-11-18 12:42:57,832 [WARN] ModelIntegratedComponent:63 - No mode defined for component null
2023-11-18 12:42:57,832 [WARN] ModelIntegratedComponent:63 - No mode defined for component null
2023-11-18 12:42:57,832 [WARN] ModelIntegratedComponent:63 - No mode defined for component null
2023-11-18 12:42:57,832 [WARN] ModelIntegratedComponent:63 - No mode defined for component null
2023-11-18 12:42:57,832 [WARN] ModelIntegratedComponent:63 - No mode defined for component null
2023-11-18 12:42:57,832 [WARN] ModelIntegratedComponent:63 - No mode defined for component null
2023-11-18 12:42:57,833 [WARN] ModelIntegratedComponent:63 - No mode defined for component null
2023-11-18 12:42:57,833 [WARN] ModelIntegratedComponent:63 - No mode defined for component null
2023-11-18 12:42:57,833 [WARN] ModelIntegratedComponent:63 - No mode defined for component null
2023-11-18 12:42:57,833 [WARN] ModelIntegratedComponent:63 - No mode defined for component null
2023-11-18 12:42:57,971 [INFO] ThirdPartyModel:298 - Start build external matchings
2023-11-18 12:42:58,257 [INFO] ThirdPartyModel:316 - End build external matchings
2023-11-18 12:42:58,401 [INFO] UtilMem:75 - End LoadConfig() Used Memory: 774701240 Bytes (1073741824)
2023-11-18 12:42:58,425 [WARN] ThirdParty:833 - waiting for thirdparty lock release [change project]
2023-11-18 12:42:58,425 [INFO] ThirdParty:835 - entering critical section [change project]
2023-11-18 12:42:58,425 [INFO] ThirdParty:1030 - CMSIS Pack Vendor :STMicroelectronics X-CUBE-ISPU 1.1.0
2023-11-18 12:42:58,426 [INFO] ThirdParty:1030 - CMSIS Pack Vendor :STMicroelectronics USBPD 4.1
2023-11-18 12:42:58,426 [INFO] ThirdParty:1030 - CMSIS Pack Vendor :STMicroelectronics X-CUBE-GNSS1 6.0.0
2023-11-18 12:42:58,426 [INFO] ThirdParty:1030 - CMSIS Pack Vendor :STMicroelectronics USB_HOST 2.0.0
2023-11-18 12:42:58,426 [INFO] ThirdParty:1030 - CMSIS Pack Vendor :STMicroelectronics X-CUBE-AZRTOS-F4 1.1.0
2023-11-18 12:42:58,426 [INFO] ThirdParty:1030 - CMSIS Pack Vendor :STMicroelectronics LIBJPEG 8.0.0
2023-11-18 12:42:58,426 [INFO] ThirdParty:1030 - CMSIS Pack Vendor :wolfSSL I-CUBE-wolfSSL 5.6.3
2023-11-18 12:42:58,426 [INFO] ThirdParty:1030 - CMSIS Pack Vendor :STMicroelectronics X-CUBE-SMBUS 2.1.0
2023-11-18 12:42:58,426 [INFO] ThirdParty:1030 - CMSIS Pack Vendor :STMicroelectronics USB_DEVICE 3.0.0
2023-11-18 12:42:58,426 [INFO] ThirdParty:1030 - CMSIS Pack Vendor :STMicroelectronics X-CUBE-AZRTOS-WB 2.0.0
2023-11-18 12:42:58,426 [INFO] ThirdParty:1030 - CMSIS Pack Vendor :STMicroelectronics X-CUBE-AZRTOS-F7 1.1.0
2023-11-18 12:42:58,426 [INFO] ThirdParty:1030 - CMSIS Pack Vendor :STMicroelectronics X-CUBE-AZRTOS-L5 2.0.0
2023-11-18 12:42:58,426 [INFO] ThirdParty:1030 - CMSIS Pack Vendor :STMicroelectronics USB_DEVICE 2.0.0
2023-11-18 12:42:58,426 [INFO] ThirdParty:1030 - CMSIS Pack Vendor :STMicroelectronics X-CUBE-EEPRMA1 4.2.0
2023-11-18 12:42:58,426 [INFO] ThirdParty:1030 - CMSIS Pack Vendor :ITTIA_DB I-CUBE-ITTIADB 8.8.0
2023-11-18 12:42:58,426 [INFO] ThirdParty:1030 - CMSIS Pack Vendor :STMicroelectronics FP-SNS-MOTENV1 4.3.2
2023-11-18 12:42:58,426 [INFO] ThirdParty:1030 - CMSIS Pack Vendor :STMicroelectronics X-CUBE-ALGOBUILD 1.3.0
2023-11-18 12:42:58,426 [INFO] ThirdParty:1030 - CMSIS Pack Vendor :STMicroelectronics FreeRTOS 0.0.1
2023-11-18 12:42:58,426 [INFO] ThirdParty:1030 - CMSIS Pack Vendor :STMicroelectronics X-CUBE-AZRTOS-G0 1.1.0
2023-11-18 12:42:58,426 [INFO] ThirdParty:1030 - CMSIS Pack Vendor :STMicroelectronics X-CUBE-NFC4 3.0.0
2023-11-18 12:42:58,426 [INFO] ThirdParty:1030 - CMSIS Pack Vendor :STMicroelectronics X-CUBE-SUBG2 5.0.0
2023-11-18 12:42:58,427 [INFO] ThirdParty:1030 - CMSIS Pack Vendor :STMicroelectronics STM32_WPAN 1.0.0
2023-11-18 12:42:58,427 [INFO] ThirdParty:1030 - CMSIS Pack Vendor :STMicroelectronics lwIP 2.0.3
2023-11-18 12:42:58,427 [INFO] ThirdParty:1030 - CMSIS Pack Vendor :STMicroelectronics FP-SNS-FLIGHT1 5.0.2
2023-11-18 12:42:58,427 [INFO] ThirdParty:1030 - CMSIS Pack Vendor :STMicroelectronics USB_HOST 1.0.0
2023-11-18 12:42:58,427 [INFO] ThirdParty:1030 - CMSIS Pack Vendor :STMicroelectronics X-CUBE-TOF1 3.3.1
2023-11-18 12:42:58,427 [INFO] ThirdParty:1030 - CMSIS Pack Vendor :STMicroelectronics X-CUBE-AZRTOS-G4 2.0.0
2023-11-18 12:42:58,427 [INFO] ThirdParty:1030 - CMSIS Pack Vendor :STMicroelectronics PDM2PCM 3.1.0
2023-11-18 12:42:58,427 [INFO] ThirdParty:1030 - CMSIS Pack Vendor :STMicroelectronics X-CUBE-AZRTOS-H7 3.1.0
2023-11-18 12:42:58,427 [INFO] ThirdParty:1030 - CMSIS Pack Vendor :Infineon AIROC-Wi-Fi-Bluetooth-STM32 1.5.1
2023-11-18 12:42:58,427 [INFO] ThirdParty:1030 - CMSIS Pack Vendor :STMicroelectronics X-CUBE-BLEMGR 3.0.0
2023-11-18 12:42:58,427 [INFO] ThirdParty:1030 - CMSIS Pack Vendor :STMicroelectronics PDM2PCM 3.3.0
2023-11-18 12:42:58,427 [INFO] ThirdParty:1030 - CMSIS Pack Vendor :STMicroelectronics X-CUBE-DISPLAY 3.0.0
2023-11-18 12:42:58,427 [INFO] ThirdParty:1030 - CMSIS Pack Vendor :STMicroelectronics X-CUBE-BLE1 7.0.0
2023-11-18 12:42:58,427 [INFO] ThirdParty:1030 - CMSIS Pack Vendor :STMicroelectronics FP-ATR-SIGFOX1 3.2.0
2023-11-18 12:42:58,427 [INFO] ThirdParty:1030 - CMSIS Pack Vendor :STMicroelectronics HAL Drivers 0.0.0
2023-11-18 12:42:58,427 [INFO] ThirdParty:1030 - CMSIS Pack Vendor :STMicroelectronics MBEDTLS 2.16.2
2023-11-18 12:42:58,427 [INFO] ThirdParty:1030 - CMSIS Pack Vendor :emotas I-CUBE-CANOPEN 1.3.0
2023-11-18 12:42:58,427 [INFO] ThirdParty:1030 - CMSIS Pack Vendor :STMicroelectronics X-CUBE-MEMS1 10.0.0
2023-11-18 12:42:58,427 [INFO] ThirdParty:1030 - CMSIS Pack Vendor :STMicroelectronics X-CUBE-FREERTOS 1.1.0
2023-11-18 12:42:58,428 [INFO] ThirdParty:1030 - CMSIS Pack Vendor :STMicroelectronics X-CUBE-NFC7 1.0.1
2023-11-18 12:42:58,428 [INFO] ThirdParty:1030 - CMSIS Pack Vendor :STMicroelectronics MBEDTLS 2.14.1
2023-11-18 12:42:58,428 [INFO] ThirdParty:1030 - CMSIS Pack Vendor :STMicroelectronics X-CUBE-TOUCHGFX 4.22.1
2023-11-18 12:42:58,428 [INFO] ThirdParty:1030 - CMSIS Pack Vendor :STMicroelectronics X-CUBE-NFC6 3.0.0
2023-11-18 12:42:58,428 [INFO] ThirdParty:1030 - CMSIS Pack Vendor :portGmbH I-Cube-SoM-uGOAL 1.1.0
2023-11-18 12:42:58,428 [INFO] ThirdParty:1030 - CMSIS Pack Vendor :STMicroelectronics X-CUBE-ALS 1.0.1
2023-11-18 12:42:58,428 [INFO] ThirdParty:1030 - CMSIS Pack Vendor :STMicroelectronics ThreadX 1.0.0
2023-11-18 12:42:58,428 [INFO] ThirdParty:1030 - CMSIS Pack Vendor :STMicroelectronics FP-SNS-SMARTAG2 1.2.0
2023-11-18 12:42:58,428 [INFO] ThirdParty:1030 - CMSIS Pack Vendor :STMicroelectronics X-CUBE-AZRTOS-WL 2.0.0
2023-11-18 12:42:58,428 [INFO] ThirdParty:1030 - CMSIS Pack Vendor :STMicroelectronics USB_DEVICE 1.0.0
2023-11-18 12:42:58,428 [INFO] ThirdParty:1030 - CMSIS Pack Vendor :STMicroelectronics X-CUBE-AI 8.1.0
2023-11-18 12:42:58,428 [INFO] ThirdParty:1030 - CMSIS Pack Vendor :STMicroelectronics X-CUBE-AZRTOS-L4 2.0.0
2023-11-18 12:42:58,428 [INFO] ThirdParty:1030 - CMSIS Pack Vendor :STMicroelectronics ThreadX 0.0.2
2023-11-18 12:42:58,428 [INFO] ThirdParty:1030 - CMSIS Pack Vendor :WES I-CUBE-Cesium 1.3.0
2023-11-18 12:42:58,429 [INFO] ThirdParty:1030 - CMSIS Pack Vendor :STMicroelectronics FP-ATR-ASTRA1 2.0.0
2023-11-18 12:42:58,429 [INFO] ThirdParty:1030 - CMSIS Pack Vendor :STMicroelectronics lwIP 2.1.2
2023-11-18 12:42:58,429 [INFO] ThirdParty:1030 - CMSIS Pack Vendor :STMicroelectronics X-CUBE-SFXS2LP1 4.0.0
2023-11-18 12:42:58,429 [INFO] ThirdParty:1030 - CMSIS Pack Vendor :STMicroelectronics X-CUBE-BLE2 3.3.0
2023-11-18 12:42:58,429 [INFO] ThirdParty:1030 - CMSIS Pack Vendor :STMicroelectronics PDM2PCM 3.2.0
2023-11-18 12:42:58,429 [INFO] ThirdParty:841 - exiting critical section [change project]
2023-11-18 12:42:58,670 [INFO] PinOutPanel:1499 - setPackage(No Configuration,No Configuration)
2023-11-18 12:42:58,671 [INFO] PinOutPanel:1499 - setPackage(STM32F103C6Tx,LQFP48)
2023-11-18 12:42:59,371 [INFO] UtilMem:75 - Before build in PCC Used Memory: 493872128 Bytes (1073741824)
2023-11-18 12:43:00,314 [INFO] UtilMem:75 - After build in PCC Used Memory: 564126720 Bytes (1073741824)
2023-11-18 12:43:00,348 [INFO] IPUIPlugin:80 - create IPUIPlugin
2023-11-18 12:43:00,348 [INFO] IPUIPlugin:80 - create IPUIPlugin
2023-11-18 12:43:00,348 [INFO] IPUIPlugin:80 - create IPUIPlugin
2023-11-18 12:43:00,349 [INFO] IPUIPlugin:80 - create IPUIPlugin
2023-11-18 12:43:00,349 [INFO] IPUIPlugin:80 - create IPUIPlugin
2023-11-18 12:43:00,349 [INFO] IPUIPlugin:80 - create IPUIPlugin
2023-11-18 12:43:00,350 [INFO] IPUIPlugin:80 - create IPUIPlugin
2023-11-18 12:43:00,350 [INFO] IPUIPlugin:80 - create IPUIPlugin
2023-11-18 12:43:00,350 [INFO] IPUIPlugin:80 - create IPUIPlugin
2023-11-18 12:43:00,350 [INFO] IPUIPlugin:80 - create IPUIPlugin
2023-11-18 12:43:00,351 [INFO] IPUIPlugin:80 - create IPUIPlugin
2023-11-18 12:43:00,351 [INFO] IPUIPlugin:80 - create IPUIPlugin
2023-11-18 12:43:00,352 [INFO] IPUIPlugin:80 - create IPUIPlugin
2023-11-18 12:43:00,352 [INFO] IPUIPlugin:80 - create IPUIPlugin
2023-11-18 12:43:00,352 [INFO] IPUIPlugin:80 - create IPUIPlugin
2023-11-18 12:43:00,353 [INFO] IPUIPlugin:80 - create IPUIPlugin
2023-11-18 12:43:00,353 [INFO] IPUIPlugin:80 - create IPUIPlugin
2023-11-18 12:43:00,353 [INFO] IPUIPlugin:80 - create IPUIPlugin
2023-11-18 12:43:00,354 [INFO] IPUIPlugin:80 - create IPUIPlugin
2023-11-18 12:43:00,354 [INFO] IPUIPlugin:80 - create IPUIPlugin
2023-11-18 12:43:00,355 [INFO] IPUIPlugin:80 - create IPUIPlugin
2023-11-18 12:43:00,355 [INFO] IPUIPlugin:80 - create IPUIPlugin
2023-11-18 12:43:00,356 [INFO] IPUIPlugin:80 - create IPUIPlugin
2023-11-18 12:43:00,560 [INFO] CADModel:165 - CPN selected for project levelSTM32F103C6T6A
2023-11-18 12:43:00,560 [INFO] CADModel:114 - Register for checkConnection events
2023-11-18 12:43:00,605 [INFO] OpenFileManager:328 - Restore cursor
2023-11-18 12:43:02,190 [INFO] UtilMem:75 - End SaveConfig() Used Memory: 633332736 Bytes (1073741824)
2023-11-18 12:43:02,250 [INFO] UtilMem:75 - End SaveConfig() Used Memory: 643818496 Bytes (1073741824)
2023-11-18 12:43:02,644 [INFO] BlockDiagram:2759 - set Specific Code input for plugin: NVIC
2023-11-18 12:43:02,644 [INFO] BlockDiagram:2759 - set Specific Code input for plugin: RCC
2023-11-18 12:43:02,646 [INFO] CodeGenerator:799 - code generatio: config db path: C:\ST\STM32CubeIDE_1.13.2\STM32CubeIDE\plugins\com.st.stm32cube.common.mx_6.9.2.202309101412\\db\
2023-11-18 12:43:03,004 [INFO] CodeEngine:255 - oldGeneratedFile, C:\Users\steva\Documents\MIPS\MiniProjekat1\MiniProjekat1\MXTmpFiles\license.tmp_save
2023-11-18 12:43:03,426 [INFO] CodeEngine:279 - Generated code: C:\Users\steva\Documents\MIPS\MiniProjekat1\MiniProjekat1\MXTmpFiles\license.tmp
2023-11-18 12:43:03,451 [INFO] CodeEngine:255 - oldGeneratedFile, C:\Users\steva\Documents\MIPS\MiniProjekat1\MiniProjekat1\Core\Src\stm32f1xx_it.c_save
2023-11-18 12:43:03,652 [INFO] CodeEngine:279 - Generated code: C:\Users\steva\Documents\MIPS\MiniProjekat1\MiniProjekat1\Core\Src\stm32f1xx_it.c
2023-11-18 12:43:03,663 [INFO] CodeEngine:255 - oldGeneratedFile, C:\Users\steva\Documents\MIPS\MiniProjekat1\MiniProjekat1\Core\Inc\stm32f1xx_it.h_save
2023-11-18 12:43:03,770 [INFO] CodeEngine:279 - Generated code: C:\Users\steva\Documents\MIPS\MiniProjekat1\MiniProjekat1\Core\Inc\stm32f1xx_it.h
2023-11-18 12:43:03,932 [INFO] CodeEngine:255 - oldGeneratedFile, C:\Users\steva\Documents\MIPS\MiniProjekat1\MiniProjekat1\Core\Src\stm32f1xx_hal_msp.c_save
2023-11-18 12:43:04,104 [INFO] CodeEngine:279 - Generated code: C:\Users\steva\Documents\MIPS\MiniProjekat1\MiniProjekat1\Core\Src\stm32f1xx_hal_msp.c
2023-11-18 12:43:04,116 [INFO] CodeEngine:255 - oldGeneratedFile, C:\Users\steva\Documents\MIPS\MiniProjekat1\MiniProjekat1\MXTmpFiles\system.tmp_save
2023-11-18 12:43:04,204 [INFO] CodeEngine:279 - Generated code: C:\Users\steva\Documents\MIPS\MiniProjekat1\MiniProjekat1\MXTmpFiles\system.tmp
2023-11-18 12:43:04,226 [INFO] CodeEngine:311 - oldGeneratedFile, C:\Users\steva\Documents\MIPS\MiniProjekat1\MiniProjekat1\Core\Inc\stm32f1xx_hal_conf.h_save
2023-11-18 12:43:04,367 [INFO] CodeEngine:335 - Generated code: C:\Users\steva\Documents\MIPS\MiniProjekat1\MiniProjekat1\Core\Inc\stm32f1xx_hal_conf.h
2023-11-18 12:43:04,429 [INFO] CodeEngine:255 - oldGeneratedFile, C:\Users\steva\Documents\MIPS\MiniProjekat1\MiniProjekat1\Core\Inc\main.h_save
2023-11-18 12:43:04,558 [INFO] CodeEngine:279 - Generated code: C:\Users\steva\Documents\MIPS\MiniProjekat1\MiniProjekat1\Core\Inc\main.h
2023-11-18 12:43:04,572 [INFO] CodeEngine:255 - oldGeneratedFile, C:\Users\steva\Documents\MIPS\MiniProjekat1\MiniProjekat1\Core\Src\main.c_save
2023-11-18 12:43:04,748 [INFO] CodeEngine:279 - Generated code: C:\Users\steva\Documents\MIPS\MiniProjekat1\MiniProjekat1\Core\Src\main.c
2023-11-18 12:43:05,704 [INFO] ProjectBuilder:3064 - Time for Copy HAL[1] : 202mS.
2023-11-18 12:43:05,711 [INFO] ProjectBuilder:4404 - Project Generator version: 4.1.0
2023-11-18 12:43:06,038 [INFO] ConfigFileManager:1457 - The Die is : DIE412
2023-11-18 12:43:06,062 [INFO] ApiDbMcu:507 - Load IP Config File for FATFS
2023-11-18 12:43:06,082 [INFO] ApiDbMcu:507 - Load IP Config File for FREERTOS
2023-11-18 12:43:06,105 [INFO] ApiDbMcu:507 - Load IP Config File for USB_DEVICE
2023-11-18 12:43:07,418 [INFO] LogOutputStream:77 - [STDOUT_REDIRECT] 
2023-11-18 12:43:10,581 [INFO] ProjectBuilder:4626 - Time for Generating toolchain IDE Files: 4870mS.
2023-11-18 12:43:10,582 [INFO] ProjectBuilder:2935 - Time for Copy CMSIS : 0mS.
2023-11-18 12:43:10,585 [INFO] ProjectBuilder:2935 - Time for Copy CMSIS : 0mS.
2023-11-18 12:43:11,934 [INFO] McuFinderGlobals:76 - Set McuFinderConnectedMode to true
2023-11-18 12:43:11,938 [INFO] ApiDb:448 - Save user favorites file C:\Users\steva/.stm32cubeide/favorites.mcus.txt: 0 item(s)
2023-11-18 12:43:11,938 [INFO] ApiDb:452 - User favorites MCUs=[]
2023-11-18 12:43:34,904 [INFO] UtilMem:75 - End SaveConfig() Used Memory: 804926968 Bytes (1073741824)
2023-11-18 12:43:36,279 [INFO] UtilMem:75 - End SaveConfig() Used Memory: 822575608 Bytes (1073741824)
2023-11-18 12:43:38,710 [INFO] UtilMem:75 - End SaveConfig() Used Memory: 554509008 Bytes (1073741824)
2023-11-18 12:43:39,063 [INFO] BlockDiagram:2759 - set Specific Code input for plugin: NVIC
2023-11-18 12:43:39,063 [INFO] BlockDiagram:2759 - set Specific Code input for plugin: GPIO
2023-11-18 12:43:39,063 [INFO] BlockDiagram:2759 - set Specific Code input for plugin: RCC
2023-11-18 12:43:39,065 [INFO] CodeGenerator:799 - code generatio: config db path: C:\ST\STM32CubeIDE_1.13.2\STM32CubeIDE\plugins\com.st.stm32cube.common.mx_6.9.2.202309101412\\db\
2023-11-18 12:43:39,243 [INFO] CodeEngine:255 - oldGeneratedFile, C:\Users\steva\Documents\MIPS\MiniProjekat1\MiniProjekat1\MXTmpFiles\license.tmp_save
2023-11-18 12:43:39,376 [INFO] CodeEngine:279 - Generated code: C:\Users\steva\Documents\MIPS\MiniProjekat1\MiniProjekat1\MXTmpFiles\license.tmp
2023-11-18 12:43:39,428 [INFO] CodeEngine:255 - oldGeneratedFile, C:\Users\steva\Documents\MIPS\MiniProjekat1\MiniProjekat1\MXTmpFiles\gpio.tmp_save
2023-11-18 12:43:39,522 [INFO] CodeEngine:279 - Generated code: C:\Users\steva\Documents\MIPS\MiniProjekat1\MiniProjekat1\MXTmpFiles\gpio.tmp
2023-11-18 12:43:39,541 [INFO] CodeEngine:255 - oldGeneratedFile, C:\Users\steva\Documents\MIPS\MiniProjekat1\MiniProjekat1\Core\Src\stm32f1xx_it.c_save
2023-11-18 12:43:39,630 [INFO] CodeEngine:279 - Generated code: C:\Users\steva\Documents\MIPS\MiniProjekat1\MiniProjekat1\Core\Src\stm32f1xx_it.c
2023-11-18 12:43:39,635 [INFO] CodeEngine:255 - oldGeneratedFile, C:\Users\steva\Documents\MIPS\MiniProjekat1\MiniProjekat1\Core\Inc\stm32f1xx_it.h_save
2023-11-18 12:43:39,693 [INFO] CodeEngine:279 - Generated code: C:\Users\steva\Documents\MIPS\MiniProjekat1\MiniProjekat1\Core\Inc\stm32f1xx_it.h
2023-11-18 12:43:39,717 [INFO] CodeEngine:255 - oldGeneratedFile, C:\Users\steva\Documents\MIPS\MiniProjekat1\MiniProjekat1\Core\Src\stm32f1xx_hal_msp.c_save
2023-11-18 12:43:39,794 [INFO] CodeEngine:279 - Generated code: C:\Users\steva\Documents\MIPS\MiniProjekat1\MiniProjekat1\Core\Src\stm32f1xx_hal_msp.c
2023-11-18 12:43:39,798 [INFO] CodeEngine:255 - oldGeneratedFile, C:\Users\steva\Documents\MIPS\MiniProjekat1\MiniProjekat1\MXTmpFiles\system.tmp_save
2023-11-18 12:43:39,863 [INFO] CodeEngine:279 - Generated code: C:\Users\steva\Documents\MIPS\MiniProjekat1\MiniProjekat1\MXTmpFiles\system.tmp
2023-11-18 12:43:39,883 [INFO] CodeEngine:311 - oldGeneratedFile, C:\Users\steva\Documents\MIPS\MiniProjekat1\MiniProjekat1\Core\Inc\stm32f1xx_hal_conf.h_save
2023-11-18 12:43:39,990 [INFO] CodeEngine:335 - Generated code: C:\Users\steva\Documents\MIPS\MiniProjekat1\MiniProjekat1\Core\Inc\stm32f1xx_hal_conf.h
2023-11-18 12:43:40,036 [INFO] CodeEngine:255 - oldGeneratedFile, C:\Users\steva\Documents\MIPS\MiniProjekat1\MiniProjekat1\Core\Inc\main.h_save
2023-11-18 12:43:40,118 [INFO] CodeEngine:279 - Generated code: C:\Users\steva\Documents\MIPS\MiniProjekat1\MiniProjekat1\Core\Inc\main.h
2023-11-18 12:43:40,134 [INFO] CodeEngine:255 - oldGeneratedFile, C:\Users\steva\Documents\MIPS\MiniProjekat1\MiniProjekat1\Core\Src\main.c_save
2023-11-18 12:43:40,244 [INFO] CodeEngine:279 - Generated code: C:\Users\steva\Documents\MIPS\MiniProjekat1\MiniProjekat1\Core\Src\main.c
2023-11-18 12:43:40,642 [INFO] ProjectBuilder:3064 - Time for Copy HAL[1] : 106mS.
2023-11-18 12:43:40,645 [INFO] ProjectBuilder:4404 - Project Generator version: 4.1.0
2023-11-18 12:43:41,060 [INFO] ConfigFileManager:1457 - The Die is : DIE412
2023-11-18 12:43:43,035 [INFO] ProjectBuilder:4626 - Time for Generating toolchain IDE Files: 2389mS.
2023-11-18 12:43:43,036 [INFO] ProjectBuilder:2935 - Time for Copy CMSIS : 0mS.
2023-11-18 12:43:43,039 [INFO] ProjectBuilder:2935 - Time for Copy CMSIS : 0mS.
2023-11-18 13:13:06,125 [ERROR] AdobePublisher:162 - Exception while opening the connection: java.net.SocketTimeoutException: Read timed out
2023-11-18 13:13:08,126 [ERROR] AdobePublisher:162 - Exception while opening the connection: java.net.SocketTimeoutException: Connect timed out
2023-11-18 13:13:10,128 [ERROR] AdobePublisher:162 - Exception while opening the connection: java.net.SocketTimeoutException: Connect timed out
2023-11-18 13:13:12,129 [ERROR] AdobePublisher:162 - Exception while opening the connection: java.net.SocketTimeoutException: Connect timed out
2023-11-18 13:13:14,129 [ERROR] AdobePublisher:162 - Exception while opening the connection: java.net.SocketTimeoutException: Connect timed out
